[2025-10-29 17:37:17,385: INFO: main: wlcm to our log page]
[2025-10-29 17:43:31,004: INFO: main: wlcm to our log page]
[2025-10-31 16:25:04,113: INFO: main: wlcm to our log page]
[2025-10-31 18:27:16,174: INFO: common: yaml file: config\config.yaml loaded successfully]
[2025-10-31 18:27:16,187: INFO: common: yaml file: params.yaml loaded successfully]
[2025-10-31 18:27:16,190: INFO: common: created directory at: artifacts]
[2025-10-31 18:27:16,190: INFO: common: created directory at: artifacts/data_ingestion]
[2025-10-31 18:27:16,190: INFO: 3422454739: Downloading file from : https://drive.google.com/file/d/1YGUK8ehylPe9DIlMXvtFHV8H9cBqSTX7/view?usp=sharing into file : artifacts/data_ingestion/data.zip]
[2025-10-31 18:29:31,564: INFO: 3422454739: downloaded data from https://drive.google.com/file/d/1YGUK8ehylPe9DIlMXvtFHV8H9cBqSTX7/view?usp=sharing into file : artifacts/data_ingestion/data.zip]
[2025-10-31 18:53:40,780: INFO: common: yaml file: config\config.yaml loaded successfully]
[2025-10-31 18:53:40,781: INFO: common: yaml file: params.yaml loaded successfully]
[2025-10-31 18:53:40,782: INFO: common: created directory at: artifacts]
[2025-10-31 18:53:40,784: INFO: common: created directory at: artifacts/data_ingestion]
[2025-10-31 18:53:40,785: INFO: 3422454739: Downloading file from : https://drive.google.com/file/d/1YGUK8ehylPe9DIlMXvtFHV8H9cBqSTX7/view?usp=sharing into file : artifacts/data_ingestion/data.zip]
[2025-10-31 18:54:19,084: INFO: common: yaml file: config\config.yaml loaded successfully]
[2025-10-31 18:54:19,086: INFO: common: yaml file: params.yaml loaded successfully]
[2025-10-31 18:54:19,087: INFO: common: created directory at: artifacts]
[2025-10-31 18:54:19,088: INFO: common: created directory at: artifacts/data_ingestion]
[2025-10-31 18:54:19,089: INFO: 3422454739: Downloading file from : https://drive.google.com/file/d/1YGUK8ehylPe9DIlMXvtFHV8H9cBqSTX7/view?usp=sharing into file : artifacts/data_ingestion/data.zip]
[2025-10-31 18:54:21,354: INFO: common: yaml file: config\config.yaml loaded successfully]
[2025-10-31 18:54:21,355: INFO: common: yaml file: params.yaml loaded successfully]
[2025-10-31 18:54:21,357: INFO: common: created directory at: artifacts]
[2025-10-31 18:54:21,358: INFO: common: created directory at: artifacts/data_ingestion]
[2025-10-31 18:54:21,359: INFO: 3422454739: Downloading file from : https://drive.google.com/file/d/1YGUK8ehylPe9DIlMXvtFHV8H9cBqSTX7/view?usp=sharing into file : artifacts/data_ingestion/data.zip]
[2025-10-31 18:55:14,034: INFO: common: yaml file: config\config.yaml loaded successfully]
[2025-10-31 18:55:14,034: INFO: common: yaml file: params.yaml loaded successfully]
[2025-10-31 18:55:14,034: INFO: common: created directory at: artifacts]
[2025-10-31 18:55:14,034: INFO: common: created directory at: artifacts/data_ingestion]
[2025-10-31 18:55:14,038: INFO: 3422454739: Downloading file from : https://drive.google.com/file/d/1YGUK8ehylPe9DIlMXvtFHV8H9cBqSTX7/view?usp=sharing into file : artifacts/data_ingestion/data.zip]
[2025-10-31 18:57:05,974: INFO: 3422454739: downloaded data from https://drive.google.com/file/d/1YGUK8ehylPe9DIlMXvtFHV8H9cBqSTX7/view?usp=sharing into file : artifacts/data_ingestion/data.zip]
[2025-10-31 19:03:57,388: INFO: common: yaml file: config\config.yaml loaded successfully]
[2025-10-31 19:03:57,388: INFO: common: yaml file: params.yaml loaded successfully]
[2025-10-31 19:03:57,388: INFO: common: created directory at: artifacts]
[2025-10-31 19:03:57,395: INFO: common: created directory at: artifacts/data_ingestion]
[2025-10-31 19:03:57,396: INFO: 3422454739: Downloading file from : https://drive.google.com/file/d/1YGUK8ehylPe9DIlMXvtFHV8H9cBqSTX7/view?usp=sharing into file : artifacts/data_ingestion/data.zip]
[2025-10-31 19:04:47,601: INFO: common: yaml file: config\config.yaml loaded successfully]
[2025-10-31 19:04:47,606: INFO: common: yaml file: params.yaml loaded successfully]
[2025-10-31 19:04:47,606: INFO: common: created directory at: artifacts]
[2025-10-31 19:04:47,606: INFO: common: created directory at: artifacts/data_ingestion]
[2025-10-31 19:04:47,606: INFO: 3422454739: Downloading file from : https://drive.google.com/file/d/1YGUK8ehylPe9DIlMXvtFHV8H9cBqSTX7/view?usp=sharing into file : artifacts/data_ingestion/data.zip]
[2025-10-31 19:07:24,128: INFO: common: yaml file: config\config.yaml loaded successfully]
[2025-10-31 19:07:24,130: INFO: common: yaml file: params.yaml loaded successfully]
[2025-10-31 19:07:24,131: INFO: common: created directory at: artifacts]
[2025-10-31 19:07:24,132: INFO: common: created directory at: artifacts/data_ingestion]
[2025-10-31 19:07:24,133: INFO: 3422454739: Downloading file from : https://drive.google.com/file/d/1YGUK8ehylPe9DIlMXvtFHV8H9cBqSTX7/view?usp=sharing into file : artifacts/data_ingestion/data.zip]
[2025-10-31 19:15:06,491: INFO: common: yaml file: config\config.yaml loaded successfully]
[2025-10-31 19:15:06,493: INFO: common: yaml file: params.yaml loaded successfully]
[2025-10-31 19:15:06,494: INFO: common: created directory at: artifacts]
[2025-10-31 19:15:06,495: INFO: common: created directory at: artifacts/data_ingestion]
[2025-10-31 19:15:06,497: INFO: 3422454739: Downloading file from : https://drive.google.com/file/d/1YGUK8ehylPe9DIlMXvtFHV8H9cBqSTX7/view?usp=sharing into file : artifacts/data_ingestion/data.zip]
[2025-10-31 19:47:52,621: INFO: common: yaml file: config\config.yaml loaded successfully]
[2025-10-31 19:47:52,623: INFO: common: yaml file: params.yaml loaded successfully]
[2025-10-31 19:47:52,624: INFO: common: created directory at: artifacts]
[2025-10-31 19:47:52,626: INFO: common: created directory at: artifacts/data_ingestion]
[2025-10-31 19:47:52,627: INFO: 3422454739: Downloading file from : https://drive.google.com/file/d/1YGUK8ehylPe9DIlMXvtFHV8H9cBqSTX7/view?usp=sharing into file : artifacts/data_ingestion/data.zip]
[2025-10-31 21:35:47,541: INFO: common: yaml file: config\config.yaml loaded successfully]
[2025-10-31 21:35:47,541: INFO: common: yaml file: params.yaml loaded successfully]
[2025-10-31 21:35:47,544: INFO: common: created directory at: artifacts]
[2025-10-31 21:35:47,546: INFO: common: created directory at: artifacts/data_ingestion]
[2025-10-31 21:35:47,548: INFO: 591767780: Downloading file from : https://drive.google.com/file/d/1YGUK8ehylPe9DIlMXvtFHV8H9cBqSTX7/view?usp=sharing into file : artifacts/data_ingestion/data.zip]
[2025-10-31 21:38:46,089: INFO: common: yaml file: config\config.yaml loaded successfully]
[2025-10-31 21:38:46,091: INFO: common: yaml file: params.yaml loaded successfully]
[2025-10-31 21:38:46,093: INFO: common: created directory at: artifacts]
[2025-10-31 21:38:46,095: INFO: common: created directory at: artifacts/data_ingestion]
[2025-10-31 21:38:46,097: INFO: 437421171: Downloading file from : https://drive.google.com/file/d/1YGUK8ehylPe9DIlMXvtFHV8H9cBqSTX7/view?usp=sharing into file : artifacts/data_ingestion/data.zip]
[2025-10-31 22:03:53,603: INFO: common: yaml file: config\config.yaml loaded successfully]
[2025-10-31 22:03:53,606: INFO: common: yaml file: params.yaml loaded successfully]
[2025-10-31 22:03:53,608: INFO: common: created directory at: artifacts]
[2025-10-31 22:03:53,608: INFO: common: created directory at: artifacts/data_ingestion]
[2025-10-31 22:03:53,612: INFO: 437421171: Downloading file from : https://drive.google.com/file/d/1YGUK8ehylPe9DIlMXvtFHV8H9cBqSTX7/view?usp=sharing into file : artifacts/data_ingestion/data.zip]
[2025-10-31 22:06:58,311: INFO: common: yaml file: config\config.yaml loaded successfully]
[2025-10-31 22:06:58,313: INFO: common: yaml file: params.yaml loaded successfully]
[2025-10-31 22:06:58,314: INFO: common: created directory at: artifacts]
[2025-10-31 22:06:58,314: INFO: common: created directory at: artifacts/data_ingestion]
[2025-10-31 22:06:58,316: INFO: 3533945792: Downloading file from : https://drive.google.com/file/d/1YGUK8ehylPe9DIlMXvtFHV8H9cBqSTX7/view?usp=sharing into file : artifacts/data_ingestion/data.zip]
[2025-11-01 23:27:27,460: INFO: common: yaml file: config\config.yaml loaded successfully]
[2025-11-01 23:27:27,465: INFO: common: yaml file: params.yaml loaded successfully]
[2025-11-01 23:27:27,465: INFO: common: created directory at: artifacts]
[2025-11-01 23:27:27,468: INFO: common: created directory at: artifacts/data_ingestion]
[2025-11-01 23:27:27,469: INFO: 3715517243: Downloading file from : https://drive.google.com/file/d/1ZGm5yeADS36R1G2pkvPImYWjM-McvLht/view?usp=sharing into file : artifacts/data_ingestion/data.zip]
[2025-11-01 23:28:46,521: INFO: 3715517243: downloaded data from https://drive.google.com/file/d/1ZGm5yeADS36R1G2pkvPImYWjM-McvLht/view?usp=sharing into file : artifacts/data_ingestion/data.zip]
[2025-11-01 23:31:30,778: INFO: main: >>>>>> stage Data Ingestion Stage started <<<<<<]
[2025-11-01 23:31:30,780: INFO: common: yaml file: config\config.yaml loaded successfully]
[2025-11-01 23:31:30,780: INFO: common: yaml file: params.yaml loaded successfully]
[2025-11-01 23:31:30,780: INFO: common: created directory at: artifacts]
[2025-11-01 23:31:30,780: INFO: common: created directory at: artifacts/data_ingestion]
[2025-11-01 23:31:30,781: INFO: data_ingestion: Downloading file from : https://drive.google.com/file/d/1ZGm5yeADS36R1G2pkvPImYWjM-McvLht/view?usp=sharing into file : artifacts/data_ingestion/data.zip]
[2025-11-01 23:33:33,245: INFO: data_ingestion: downloaded data from https://drive.google.com/file/d/1ZGm5yeADS36R1G2pkvPImYWjM-McvLht/view?usp=sharing into file : artifacts/data_ingestion/data.zip]
[2025-11-01 23:33:38,691: INFO: main: >>>>>> stage Data Ingestion Stage completed <<<<<<

x==========x]
[2025-11-01 23:42:45,975: INFO: main: >>>>>> stage Data Ingestion Stage started <<<<<<]
[2025-11-01 23:42:45,978: INFO: common: yaml file: config\config.yaml loaded successfully]
[2025-11-01 23:42:45,978: INFO: common: yaml file: params.yaml loaded successfully]
[2025-11-01 23:42:45,978: INFO: common: created directory at: artifacts]
[2025-11-01 23:42:45,980: INFO: common: created directory at: artifacts/data_ingestion]
[2025-11-01 23:42:45,980: INFO: data_ingestion: Downloading file from : https://drive.google.com/file/d/1ZGm5yeADS36R1G2pkvPImYWjM-McvLht/view?usp=sharing into file : artifacts/data_ingestion/data.zip]
[2025-11-01 23:43:56,320: INFO: data_ingestion: downloaded data from https://drive.google.com/file/d/1ZGm5yeADS36R1G2pkvPImYWjM-McvLht/view?usp=sharing into file : artifacts/data_ingestion/data.zip]
[2025-11-01 23:44:02,298: INFO: main: >>>>>> stage Data Ingestion Stage completed <<<<<<

x==========x]
[2025-11-02 14:29:14,489: INFO: common: yaml file: config\config.yaml loaded successfully]
[2025-11-02 14:29:14,504: INFO: common: yaml file: params.yaml loaded successfully]
[2025-11-02 14:29:14,504: INFO: common: created directory at: artifacts]
[2025-11-02 14:31:08,656: INFO: common: yaml file: config\config.yaml loaded successfully]
[2025-11-02 14:31:08,660: INFO: common: yaml file: params.yaml loaded successfully]
[2025-11-02 14:31:08,660: INFO: common: created directory at: artifacts]
[2025-11-02 14:35:28,774: INFO: common: yaml file: config\config.yaml loaded successfully]
[2025-11-02 14:35:28,775: INFO: common: yaml file: params.yaml loaded successfully]
[2025-11-02 14:35:28,777: INFO: common: created directory at: artifacts]
[2025-11-02 14:35:28,778: INFO: common: created directory at: artifacts/prepare_base_model]
[2025-11-02 14:35:58,731: INFO: common: yaml file: config\config.yaml loaded successfully]
[2025-11-02 14:35:58,733: INFO: common: yaml file: params.yaml loaded successfully]
[2025-11-02 14:35:58,735: INFO: common: created directory at: artifacts]
[2025-11-02 14:35:58,736: INFO: common: created directory at: artifacts/prepare_base_model]
[2025-11-02 14:40:11,220: INFO: common: yaml file: config\config.yaml loaded successfully]
[2025-11-02 14:40:11,222: INFO: common: yaml file: params.yaml loaded successfully]
[2025-11-02 14:40:11,224: INFO: common: created directory at: artifacts]
[2025-11-02 14:40:11,225: INFO: common: created directory at: artifacts/prepare_base_model]
[2025-11-02 14:40:59,987: INFO: common: yaml file: config\config.yaml loaded successfully]
[2025-11-02 14:40:59,988: INFO: common: yaml file: params.yaml loaded successfully]
[2025-11-02 14:40:59,990: INFO: common: created directory at: artifacts]
[2025-11-02 14:40:59,991: INFO: common: created directory at: artifacts/prepare_base_model]
[2025-11-02 14:43:17,577: INFO: common: yaml file: config\config.yaml loaded successfully]
[2025-11-02 14:43:17,578: INFO: common: yaml file: params.yaml loaded successfully]
[2025-11-02 14:43:17,579: INFO: common: created directory at: artifacts]
[2025-11-02 14:43:17,581: INFO: common: created directory at: artifacts/prepare_base_model]
[2025-11-02 14:44:09,844: INFO: common: yaml file: config\config.yaml loaded successfully]
[2025-11-02 14:44:09,846: INFO: common: yaml file: params.yaml loaded successfully]
[2025-11-02 14:44:09,847: INFO: common: created directory at: artifacts]
[2025-11-02 14:44:09,849: INFO: common: created directory at: artifacts/prepare_base_model]
[2025-11-02 14:46:04,917: INFO: common: yaml file: config\config.yaml loaded successfully]
[2025-11-02 14:46:04,917: INFO: common: yaml file: params.yaml loaded successfully]
[2025-11-02 14:46:04,921: INFO: common: created directory at: artifacts]
[2025-11-02 14:46:04,922: INFO: common: created directory at: artifacts/prepare_base_model]
[2025-11-02 14:50:32,174: INFO: common: yaml file: config\config.yaml loaded successfully]
[2025-11-02 14:50:32,178: INFO: common: yaml file: params.yaml loaded successfully]
[2025-11-02 14:50:32,178: INFO: common: created directory at: artifacts]
[2025-11-02 14:50:32,181: INFO: common: created directory at: artifacts/prepare_base_model]
[2025-11-02 14:50:41,173: WARNING: saving_api: You are saving your model as an HDF5 file via `model.save()` or `keras.saving.save_model(model)`. This file format is considered legacy. We recommend using instead the native Keras format, e.g. `model.save('my_model.keras')` or `keras.saving.save_model(model, 'my_model.keras')`. ]
[2025-11-02 14:50:41,460: WARNING: saving_api: You are saving your model as an HDF5 file via `model.save()` or `keras.saving.save_model(model)`. This file format is considered legacy. We recommend using instead the native Keras format, e.g. `model.save('my_model.keras')` or `keras.saving.save_model(model, 'my_model.keras')`. ]
[2025-11-02 15:45:46,450: INFO: main: >>>>>> stage Data Ingestion Stage started <<<<<<]
[2025-11-02 15:45:46,452: INFO: common: yaml file: config\config.yaml loaded successfully]
[2025-11-02 15:45:46,453: INFO: common: yaml file: params.yaml loaded successfully]
[2025-11-02 15:45:46,454: INFO: common: created directory at: artifacts]
[2025-11-02 15:45:46,456: INFO: common: created directory at: artifacts/data_ingestion]
[2025-11-02 15:45:46,456: INFO: data_ingestion: Downloading file from : https://drive.google.com/file/d/1ZGm5yeADS36R1G2pkvPImYWjM-McvLht/view?usp=sharing into file : artifacts/data_ingestion/data.zip]
[2025-11-02 15:47:01,383: INFO: data_ingestion: downloaded data from https://drive.google.com/file/d/1ZGm5yeADS36R1G2pkvPImYWjM-McvLht/view?usp=sharing into file : artifacts/data_ingestion/data.zip]
[2025-11-02 15:47:06,975: INFO: main: >>>>>> stage Data Ingestion Stage completed <<<<<<

x==========x]
[2025-11-02 17:41:09,861: INFO: main: >>>>>> stage Data Ingestion Stage started <<<<<<]
[2025-11-02 17:41:09,863: INFO: common: yaml file: config\config.yaml loaded successfully]
[2025-11-02 17:41:09,865: INFO: common: yaml file: params.yaml loaded successfully]
[2025-11-02 17:41:09,867: INFO: common: created directory at: artifacts]
[2025-11-02 17:41:09,867: INFO: common: created directory at: artifacts/data_ingestion]
[2025-11-02 17:41:09,879: INFO: data_ingestion: Downloading file from : https://drive.google.com/file/d/1ZGm5yeADS36R1G2pkvPImYWjM-McvLht/view?usp=sharing into file : artifacts/data_ingestion/data.zip]
[2025-11-02 17:42:48,975: INFO: data_ingestion: downloaded data from https://drive.google.com/file/d/1ZGm5yeADS36R1G2pkvPImYWjM-McvLht/view?usp=sharing into file : artifacts/data_ingestion/data.zip]
[2025-11-02 17:42:54,447: INFO: main: >>>>>> stage Data Ingestion Stage completed <<<<<<

x==========x]
[2025-11-02 17:42:54,447: INFO: main: ****************]
[2025-11-02 17:42:54,447: INFO: main: >>>>>> Stage Prepare Base Model Stage started <<<<<<]
[2025-11-02 17:42:54,447: INFO: common: yaml file: config\config.yaml loaded successfully]
[2025-11-02 17:42:54,447: INFO: common: yaml file: params.yaml loaded successfully]
[2025-11-02 17:42:54,447: INFO: common: created directory at: artifacts]
[2025-11-02 17:42:54,447: INFO: common: created directory at: artifacts/prepare_base_model]
[2025-11-02 17:42:54,803: WARNING: saving_api: You are saving your model as an HDF5 file via `model.save()` or `keras.saving.save_model(model)`. This file format is considered legacy. We recommend using instead the native Keras format, e.g. `model.save('my_model.keras')` or `keras.saving.save_model(model, 'my_model.keras')`. ]
[2025-11-02 17:42:54,919: WARNING: saving_api: You are saving your model as an HDF5 file via `model.save()` or `keras.saving.save_model(model)`. This file format is considered legacy. We recommend using instead the native Keras format, e.g. `model.save('my_model.keras')` or `keras.saving.save_model(model, 'my_model.keras')`. ]
[2025-11-02 17:42:54,985: INFO: main: >>>>>> Stage Prepare Base Model Stage completed <<<<<<

x==========x]
[2025-11-02 18:38:25,061: INFO: common: yaml file: config\config.yaml loaded successfully]
[2025-11-02 18:38:25,064: INFO: common: yaml file: params.yaml loaded successfully]
[2025-11-02 18:38:25,066: INFO: common: created directory at: artifacts]
[2025-11-02 19:06:08,936: INFO: main: >>>>>> stage Data Ingestion Stage started <<<<<<]
[2025-11-02 19:06:08,938: INFO: common: yaml file: config\config.yaml loaded successfully]
[2025-11-02 19:06:08,939: INFO: common: yaml file: params.yaml loaded successfully]
[2025-11-02 19:06:08,939: INFO: common: created directory at: artifacts]
[2025-11-02 19:06:08,940: INFO: common: created directory at: artifacts/data_ingestion]
[2025-11-02 19:06:08,940: INFO: data_ingestion: Downloading file from : https://drive.google.com/file/d/1ZGm5yeADS36R1G2pkvPImYWjM-McvLht/view?usp=sharing into file : artifacts/data_ingestion/data.zip]
[2025-11-02 19:07:19,230: INFO: data_ingestion: downloaded data from https://drive.google.com/file/d/1ZGm5yeADS36R1G2pkvPImYWjM-McvLht/view?usp=sharing into file : artifacts/data_ingestion/data.zip]
[2025-11-02 19:07:25,107: INFO: main: >>>>>> stage Data Ingestion Stage completed <<<<<<

x==========x]
[2025-11-02 19:07:25,107: INFO: main: ****************]
[2025-11-02 19:07:25,107: INFO: main: >>>>>> Stage Prepare Base Model Stage started <<<<<<]
[2025-11-02 19:07:25,109: INFO: common: yaml file: config\config.yaml loaded successfully]
[2025-11-02 19:07:25,111: INFO: common: yaml file: params.yaml loaded successfully]
[2025-11-02 19:07:25,112: INFO: common: created directory at: artifacts]
[2025-11-02 19:07:25,112: INFO: common: created directory at: artifacts/prepare_base_model]
[2025-11-02 19:07:25,567: WARNING: saving_api: You are saving your model as an HDF5 file via `model.save()` or `keras.saving.save_model(model)`. This file format is considered legacy. We recommend using instead the native Keras format, e.g. `model.save('my_model.keras')` or `keras.saving.save_model(model, 'my_model.keras')`. ]
[2025-11-02 19:07:25,694: WARNING: saving_api: You are saving your model as an HDF5 file via `model.save()` or `keras.saving.save_model(model)`. This file format is considered legacy. We recommend using instead the native Keras format, e.g. `model.save('my_model.keras')` or `keras.saving.save_model(model, 'my_model.keras')`. ]
[2025-11-02 19:07:25,793: INFO: main: >>>>>> Stage Prepare Base Model Stage completed <<<<<<

x==========x]
[2025-11-02 19:09:18,471: INFO: common: yaml file: config\config.yaml loaded successfully]
[2025-11-02 19:09:18,474: INFO: common: yaml file: params.yaml loaded successfully]
[2025-11-02 19:09:18,474: INFO: common: created directory at: artifacts]
[2025-11-02 19:12:39,731: INFO: common: yaml file: config\config.yaml loaded successfully]
[2025-11-02 19:12:39,734: INFO: common: yaml file: params.yaml loaded successfully]
[2025-11-02 19:12:39,734: INFO: common: created directory at: artifacts]
[2025-11-02 19:12:39,736: INFO: common: created directory at: artifacts\training]
[2025-11-02 19:18:40,521: INFO: common: yaml file: config\config.yaml loaded successfully]
[2025-11-02 19:18:40,524: INFO: common: yaml file: params.yaml loaded successfully]
[2025-11-02 19:18:40,526: INFO: common: created directory at: artifacts]
[2025-11-02 19:18:40,528: INFO: common: created directory at: artifacts\training]
[2025-11-02 19:18:40,764: WARNING: saving_utils: Compiled the loaded model, but the compiled metrics have yet to be built. `model.compile_metrics` will be empty until you train or evaluate the model.]
[2025-11-02 19:20:51,948: INFO: main: >>>>>> stage Data Ingestion Stage started <<<<<<]
[2025-11-02 19:20:51,948: INFO: common: yaml file: config\config.yaml loaded successfully]
[2025-11-02 19:20:51,948: INFO: common: yaml file: params.yaml loaded successfully]
[2025-11-02 19:20:51,948: INFO: common: created directory at: artifacts]
[2025-11-02 19:20:51,948: INFO: common: created directory at: artifacts/data_ingestion]
[2025-11-02 19:20:51,948: INFO: data_ingestion: Downloading file from : https://drive.google.com/file/d/1ZGm5yeADS36R1G2pkvPImYWjM-McvLht/view?usp=sharing into file : artifacts/data_ingestion/data.zip]
[2025-11-02 19:22:04,575: INFO: data_ingestion: downloaded data from https://drive.google.com/file/d/1ZGm5yeADS36R1G2pkvPImYWjM-McvLht/view?usp=sharing into file : artifacts/data_ingestion/data.zip]
[2025-11-02 19:22:09,906: INFO: main: >>>>>> stage Data Ingestion Stage completed <<<<<<

x==========x]
[2025-11-02 19:22:09,906: INFO: main: ****************]
[2025-11-02 19:22:09,906: INFO: main: >>>>>> Stage Prepare Base Model Stage started <<<<<<]
[2025-11-02 19:22:09,914: INFO: common: yaml file: config\config.yaml loaded successfully]
[2025-11-02 19:22:09,914: INFO: common: yaml file: params.yaml loaded successfully]
[2025-11-02 19:22:09,914: INFO: common: created directory at: artifacts]
[2025-11-02 19:22:09,914: INFO: common: created directory at: artifacts/prepare_base_model]
[2025-11-02 19:22:10,189: WARNING: saving_api: You are saving your model as an HDF5 file via `model.save()` or `keras.saving.save_model(model)`. This file format is considered legacy. We recommend using instead the native Keras format, e.g. `model.save('my_model.keras')` or `keras.saving.save_model(model, 'my_model.keras')`. ]
[2025-11-02 19:22:10,310: WARNING: saving_api: You are saving your model as an HDF5 file via `model.save()` or `keras.saving.save_model(model)`. This file format is considered legacy. We recommend using instead the native Keras format, e.g. `model.save('my_model.keras')` or `keras.saving.save_model(model, 'my_model.keras')`. ]
[2025-11-02 19:22:10,389: INFO: main: >>>>>> Stage Prepare Base Model Stage completed <<<<<<

x==========x]
[2025-11-02 19:25:06,406: INFO: common: yaml file: config\config.yaml loaded successfully]
[2025-11-02 19:25:06,408: INFO: common: yaml file: params.yaml loaded successfully]
[2025-11-02 19:25:06,410: INFO: common: created directory at: artifacts]
[2025-11-02 19:25:06,412: INFO: common: created directory at: artifacts\training]
[2025-11-02 19:25:06,690: WARNING: saving_utils: Compiled the loaded model, but the compiled metrics have yet to be built. `model.compile_metrics` will be empty until you train or evaluate the model.]
[2025-11-02 19:28:05,231: INFO: common: yaml file: config\config.yaml loaded successfully]
[2025-11-02 19:28:05,233: INFO: common: yaml file: params.yaml loaded successfully]
[2025-11-02 19:28:05,233: INFO: common: created directory at: artifacts]
[2025-11-02 19:28:05,236: INFO: common: created directory at: artifacts\training]
[2025-11-02 19:28:05,467: WARNING: saving_utils: Compiled the loaded model, but the compiled metrics have yet to be built. `model.compile_metrics` will be empty until you train or evaluate the model.]
[2025-11-02 19:44:20,978: WARNING: module_wrapper: From C:\Users\Asus\AppData\Local\Temp\ipykernel_20360\1199487202.py:9: The name tf.enable_eager_execution is deprecated. Please use tf.compat.v1.enable_eager_execution instead.
]
[2025-11-02 19:44:21,015: INFO: common: yaml file: config\config.yaml loaded successfully]
[2025-11-02 19:44:21,018: INFO: common: yaml file: params.yaml loaded successfully]
[2025-11-02 19:44:21,018: INFO: common: created directory at: artifacts]
[2025-11-02 19:44:21,019: INFO: common: created directory at: artifacts\training]
[2025-11-02 19:44:21,248: WARNING: saving_utils: Compiled the loaded model, but the compiled metrics have yet to be built. `model.compile_metrics` will be empty until you train or evaluate the model.]
[2025-11-02 21:28:37,978: INFO: main: >>>>>> stage Data Ingestion Stage started <<<<<<]
[2025-11-02 21:28:37,981: INFO: common: yaml file: config\config.yaml loaded successfully]
[2025-11-02 21:28:37,982: INFO: common: yaml file: params.yaml loaded successfully]
[2025-11-02 21:28:37,983: INFO: common: created directory at: artifacts]
[2025-11-02 21:28:37,983: INFO: common: created directory at: artifacts/data_ingestion]
[2025-11-02 21:28:37,984: INFO: data_ingestion: Downloading file from : https://drive.google.com/file/d/1ZGm5yeADS36R1G2pkvPImYWjM-McvLht/view?usp=sharing into file : artifacts/data_ingestion/data.zip]
[2025-11-02 21:30:08,450: INFO: data_ingestion: downloaded data from https://drive.google.com/file/d/1ZGm5yeADS36R1G2pkvPImYWjM-McvLht/view?usp=sharing into file : artifacts/data_ingestion/data.zip]
[2025-11-02 21:30:14,001: INFO: main: >>>>>> stage Data Ingestion Stage completed <<<<<<

x==========x]
[2025-11-02 21:30:14,001: INFO: main: ****************]
[2025-11-02 21:30:14,001: INFO: main: >>>>>> Stage Prepare Base Model Stage started <<<<<<]
[2025-11-02 21:30:14,003: INFO: common: yaml file: config\config.yaml loaded successfully]
[2025-11-02 21:30:14,005: INFO: common: yaml file: params.yaml loaded successfully]
[2025-11-02 21:30:14,005: INFO: common: created directory at: artifacts]
[2025-11-02 21:30:14,005: INFO: common: created directory at: artifacts/prepare_base_model]
[2025-11-02 21:30:14,397: WARNING: saving_api: You are saving your model as an HDF5 file via `model.save()` or `keras.saving.save_model(model)`. This file format is considered legacy. We recommend using instead the native Keras format, e.g. `model.save('my_model.keras')` or `keras.saving.save_model(model, 'my_model.keras')`. ]
[2025-11-02 21:30:14,537: WARNING: saving_api: You are saving your model as an HDF5 file via `model.save()` or `keras.saving.save_model(model)`. This file format is considered legacy. We recommend using instead the native Keras format, e.g. `model.save('my_model.keras')` or `keras.saving.save_model(model, 'my_model.keras')`. ]
[2025-11-02 21:30:14,625: INFO: main: >>>>>> Stage Prepare Base Model Stage completed <<<<<<

x==========x]
[2025-11-02 21:34:24,318: INFO: common: yaml file: config\config.yaml loaded successfully]
[2025-11-02 21:34:24,321: INFO: common: yaml file: params.yaml loaded successfully]
[2025-11-02 21:34:24,323: INFO: common: created directory at: artifacts]
[2025-11-02 21:34:24,324: INFO: common: created directory at: artifacts\training]
[2025-11-02 21:34:24,727: WARNING: saving_utils: Compiled the loaded model, but the compiled metrics have yet to be built. `model.compile_metrics` will be empty until you train or evaluate the model.]
[2025-11-02 21:38:01,408: INFO: common: yaml file: config\config.yaml loaded successfully]
[2025-11-02 21:38:01,412: INFO: common: yaml file: params.yaml loaded successfully]
[2025-11-02 21:38:01,415: INFO: common: created directory at: artifacts]
[2025-11-02 21:38:01,417: INFO: common: created directory at: artifacts\training]
[2025-11-02 21:38:01,851: WARNING: saving_utils: Compiled the loaded model, but the compiled metrics have yet to be built. `model.compile_metrics` will be empty until you train or evaluate the model.]
[2025-11-02 21:47:30,463: WARNING: module_wrapper: From C:\Users\Asus\AppData\Local\Temp\ipykernel_26108\1310436096.py:6: The name tf.enable_eager_execution is deprecated. Please use tf.compat.v1.enable_eager_execution instead.
]
[2025-11-02 21:52:41,794: WARNING: module_wrapper: From C:\Users\Asus\AppData\Local\Temp\ipykernel_5188\1310436096.py:6: The name tf.enable_eager_execution is deprecated. Please use tf.compat.v1.enable_eager_execution instead.
]
[2025-11-02 21:53:04,329: INFO: common: yaml file: config\config.yaml loaded successfully]
[2025-11-02 21:53:04,334: INFO: common: yaml file: params.yaml loaded successfully]
[2025-11-02 21:53:04,337: INFO: common: created directory at: artifacts]
[2025-11-02 21:53:04,338: INFO: common: created directory at: artifacts\training]
[2025-11-02 21:53:04,734: WARNING: saving_utils: Compiled the loaded model, but the compiled metrics have yet to be built. `model.compile_metrics` will be empty until you train or evaluate the model.]
[2025-11-02 22:09:05,318: WARNING: module_wrapper: From C:\Users\Asus\AppData\Local\Temp\ipykernel_11752\1310436096.py:6: The name tf.enable_eager_execution is deprecated. Please use tf.compat.v1.enable_eager_execution instead.
]
[2025-11-02 22:11:55,331: INFO: common: yaml file: config\config.yaml loaded successfully]
[2025-11-02 22:11:55,331: INFO: common: yaml file: params.yaml loaded successfully]
[2025-11-02 22:11:55,334: INFO: common: created directory at: artifacts]
[2025-11-02 22:11:55,335: INFO: common: created directory at: artifacts\training]
[2025-11-02 22:11:55,574: WARNING: saving_utils: Compiled the loaded model, but the compiled metrics have yet to be built. `model.compile_metrics` will be empty until you train or evaluate the model.]
[2025-11-02 22:32:43,202: WARNING: saving_api: You are saving your model as an HDF5 file via `model.save()` or `keras.saving.save_model(model)`. This file format is considered legacy. We recommend using instead the native Keras format, e.g. `model.save('my_model.keras')` or `keras.saving.save_model(model, 'my_model.keras')`. ]
[2025-11-02 22:56:36,060: INFO: main: >>>>>> stage Data Ingestion Stage started <<<<<<]
[2025-11-02 22:56:36,060: INFO: common: yaml file: config\config.yaml loaded successfully]
[2025-11-02 22:56:36,060: INFO: common: yaml file: params.yaml loaded successfully]
[2025-11-02 22:56:36,060: INFO: common: created directory at: artifacts]
[2025-11-02 22:56:36,060: INFO: common: created directory at: artifacts/data_ingestion]
[2025-11-02 22:56:36,060: INFO: data_ingestion: Downloading file from : https://drive.google.com/file/d/1ZGm5yeADS36R1G2pkvPImYWjM-McvLht/view?usp=sharing into file : artifacts/data_ingestion/data.zip]
[2025-11-02 22:57:59,809: INFO: data_ingestion: downloaded data from https://drive.google.com/file/d/1ZGm5yeADS36R1G2pkvPImYWjM-McvLht/view?usp=sharing into file : artifacts/data_ingestion/data.zip]
[2025-11-02 22:58:04,943: INFO: main: >>>>>> stage Data Ingestion Stage completed <<<<<<

x==========x]
[2025-11-02 22:58:04,943: INFO: main: ****************]
[2025-11-02 22:58:04,943: INFO: main: >>>>>> Stage Prepare Base Model Stage started <<<<<<]
[2025-11-02 22:58:04,943: INFO: common: yaml file: config\config.yaml loaded successfully]
[2025-11-02 22:58:04,943: INFO: common: yaml file: params.yaml loaded successfully]
[2025-11-02 22:58:04,943: INFO: common: created directory at: artifacts]
[2025-11-02 22:58:04,943: INFO: common: created directory at: artifacts/prepare_base_model]
[2025-11-02 22:58:05,291: WARNING: saving_api: You are saving your model as an HDF5 file via `model.save()` or `keras.saving.save_model(model)`. This file format is considered legacy. We recommend using instead the native Keras format, e.g. `model.save('my_model.keras')` or `keras.saving.save_model(model, 'my_model.keras')`. ]
[2025-11-02 22:58:05,406: WARNING: saving_api: You are saving your model as an HDF5 file via `model.save()` or `keras.saving.save_model(model)`. This file format is considered legacy. We recommend using instead the native Keras format, e.g. `model.save('my_model.keras')` or `keras.saving.save_model(model, 'my_model.keras')`. ]
[2025-11-02 22:58:05,482: INFO: main: >>>>>> Stage Prepare Base Model Stage completed <<<<<<

x==========x]
[2025-11-02 23:02:22,381: INFO: common: yaml file: config\config.yaml loaded successfully]
[2025-11-02 23:02:22,384: INFO: common: yaml file: params.yaml loaded successfully]
[2025-11-02 23:02:22,385: INFO: common: created directory at: artifacts]
[2025-11-02 23:02:22,385: INFO: common: created directory at: artifacts/prepare_base_model]
[2025-11-02 23:02:22,622: WARNING: saving_api: You are saving your model as an HDF5 file via `model.save()` or `keras.saving.save_model(model)`. This file format is considered legacy. We recommend using instead the native Keras format, e.g. `model.save('my_model.keras')` or `keras.saving.save_model(model, 'my_model.keras')`. ]
[2025-11-02 23:02:22,867: WARNING: saving_api: You are saving your model as an HDF5 file via `model.save()` or `keras.saving.save_model(model)`. This file format is considered legacy. We recommend using instead the native Keras format, e.g. `model.save('my_model.keras')` or `keras.saving.save_model(model, 'my_model.keras')`. ]
[2025-11-02 23:03:04,412: WARNING: module_wrapper: From C:\Users\Asus\AppData\Local\Temp\ipykernel_8152\1310436096.py:6: The name tf.enable_eager_execution is deprecated. Please use tf.compat.v1.enable_eager_execution instead.
]
[2025-11-02 23:03:16,056: INFO: common: yaml file: config\config.yaml loaded successfully]
[2025-11-02 23:03:16,058: INFO: common: yaml file: params.yaml loaded successfully]
[2025-11-02 23:03:16,059: INFO: common: created directory at: artifacts]
[2025-11-02 23:03:16,060: INFO: common: created directory at: artifacts\training]
[2025-11-02 23:03:16,285: WARNING: saving_utils: Compiled the loaded model, but the compiled metrics have yet to be built. `model.compile_metrics` will be empty until you train or evaluate the model.]
[2025-11-03 02:46:00,842: WARNING: saving_api: You are saving your model as an HDF5 file via `model.save()` or `keras.saving.save_model(model)`. This file format is considered legacy. We recommend using instead the native Keras format, e.g. `model.save('my_model.keras')` or `keras.saving.save_model(model, 'my_model.keras')`. ]
[2025-11-03 13:54:31,329: INFO: main: >>>>>> stage Data Ingestion Stage started <<<<<<]
[2025-11-03 13:54:31,346: INFO: common: yaml file: config\config.yaml loaded successfully]
[2025-11-03 13:54:31,348: INFO: common: yaml file: params.yaml loaded successfully]
[2025-11-03 13:54:31,348: INFO: common: created directory at: artifacts]
[2025-11-03 13:54:31,348: INFO: common: created directory at: artifacts/data_ingestion]
[2025-11-03 13:54:31,348: INFO: data_ingestion: Downloading file from : https://drive.google.com/file/d/1ZGm5yeADS36R1G2pkvPImYWjM-McvLht/view?usp=sharing into file : artifacts/data_ingestion/data.zip]
[2025-11-03 13:56:06,199: INFO: data_ingestion: downloaded data from https://drive.google.com/file/d/1ZGm5yeADS36R1G2pkvPImYWjM-McvLht/view?usp=sharing into file : artifacts/data_ingestion/data.zip]
[2025-11-03 13:56:11,985: INFO: main: >>>>>> stage Data Ingestion Stage completed <<<<<<

x==========x]
[2025-11-03 13:56:11,985: INFO: main: ****************]
[2025-11-03 13:56:11,985: INFO: main: >>>>>> Stage Prepare Base Model Stage started <<<<<<]
[2025-11-03 13:56:11,987: INFO: common: yaml file: config\config.yaml loaded successfully]
[2025-11-03 13:56:11,989: INFO: common: yaml file: params.yaml loaded successfully]
[2025-11-03 13:56:11,989: INFO: common: created directory at: artifacts]
[2025-11-03 13:56:11,989: INFO: common: created directory at: artifacts/prepare_base_model]
[2025-11-03 13:56:12,484: WARNING: saving_api: You are saving your model as an HDF5 file via `model.save()` or `keras.saving.save_model(model)`. This file format is considered legacy. We recommend using instead the native Keras format, e.g. `model.save('my_model.keras')` or `keras.saving.save_model(model, 'my_model.keras')`. ]
[2025-11-03 13:56:12,594: WARNING: saving_api: You are saving your model as an HDF5 file via `model.save()` or `keras.saving.save_model(model)`. This file format is considered legacy. We recommend using instead the native Keras format, e.g. `model.save('my_model.keras')` or `keras.saving.save_model(model, 'my_model.keras')`. ]
[2025-11-03 13:56:12,700: INFO: main: >>>>>> Stage Prepare Base Model Stage completed <<<<<<

x==========x]
[2025-11-03 13:56:12,700: INFO: main: ************]
[2025-11-03 13:56:12,700: INFO: main: >>>>>> Stage Training started <<<<<<]
[2025-11-03 13:56:12,700: INFO: common: yaml file: config\config.yaml loaded successfully]
[2025-11-03 13:56:12,700: INFO: common: yaml file: params.yaml loaded successfully]
[2025-11-03 13:56:12,708: INFO: common: created directory at: artifacts]
[2025-11-03 13:56:12,708: INFO: common: created directory at: artifacts\training]
[2025-11-03 13:56:12,858: WARNING: saving_utils: Compiled the loaded model, but the compiled metrics have yet to be built. `model.compile_metrics` will be empty until you train or evaluate the model.]
[2025-11-03 15:15:46,448: WARNING: saving_api: You are saving your model as an HDF5 file via `model.save()` or `keras.saving.save_model(model)`. This file format is considered legacy. We recommend using instead the native Keras format, e.g. `model.save('my_model.keras')` or `keras.saving.save_model(model, 'my_model.keras')`. ]
[2025-11-03 15:15:46,540: INFO: main: >>>>>> Stage Training completed <<<<<<

x==========x]
[2025-11-08 17:05:19,412: WARNING: saving_utils: Compiled the loaded model, but the compiled metrics have yet to be built. `model.compile_metrics` will be empty until you train or evaluate the model.]
[2025-11-09 15:46:56,169: INFO: main: >>>>>> stage Data Ingestion Stage started <<<<<<]
[2025-11-09 15:46:56,178: INFO: common: yaml file: config\config.yaml loaded successfully]
[2025-11-09 15:46:56,178: INFO: common: yaml file: params.yaml loaded successfully]
[2025-11-09 15:46:56,178: INFO: common: created directory at: artifacts]
[2025-11-09 15:46:56,178: INFO: common: created directory at: artifacts/data_ingestion]
[2025-11-09 15:46:56,178: INFO: data_ingestion: Downloading file from : https://drive.google.com/file/d/1ZGm5yeADS36R1G2pkvPImYWjM-McvLht/view?usp=sharing into file : artifacts/data_ingestion/data.zip]
[2025-11-09 15:54:51,523: INFO: data_ingestion: downloaded data from https://drive.google.com/file/d/1ZGm5yeADS36R1G2pkvPImYWjM-McvLht/view?usp=sharing into file : artifacts/data_ingestion/data.zip]
[2025-11-09 15:54:58,895: INFO: main: >>>>>> stage Data Ingestion Stage completed <<<<<<

x==========x]
[2025-11-09 15:54:58,895: INFO: main: ****************]
[2025-11-09 15:54:58,895: INFO: main: >>>>>> Stage Prepare Base Model Stage started <<<<<<]
[2025-11-09 15:54:58,895: INFO: common: yaml file: config\config.yaml loaded successfully]
[2025-11-09 15:54:58,895: INFO: common: yaml file: params.yaml loaded successfully]
[2025-11-09 15:54:58,895: INFO: common: created directory at: artifacts]
[2025-11-09 15:54:58,895: INFO: common: created directory at: artifacts/prepare_base_model]
[2025-11-09 15:54:59,324: WARNING: saving_api: You are saving your model as an HDF5 file via `model.save()` or `keras.saving.save_model(model)`. This file format is considered legacy. We recommend using instead the native Keras format, e.g. `model.save('my_model.keras')` or `keras.saving.save_model(model, 'my_model.keras')`. ]
[2025-11-09 15:54:59,485: WARNING: saving_api: You are saving your model as an HDF5 file via `model.save()` or `keras.saving.save_model(model)`. This file format is considered legacy. We recommend using instead the native Keras format, e.g. `model.save('my_model.keras')` or `keras.saving.save_model(model, 'my_model.keras')`. ]
[2025-11-09 15:54:59,612: INFO: main: >>>>>> Stage Prepare Base Model Stage completed <<<<<<

x==========x]
[2025-11-09 15:54:59,612: INFO: main: ************]
[2025-11-09 15:54:59,612: INFO: main: >>>>>> Stage Training started <<<<<<]
[2025-11-09 15:54:59,612: INFO: common: yaml file: config\config.yaml loaded successfully]
[2025-11-09 15:54:59,612: INFO: common: yaml file: params.yaml loaded successfully]
[2025-11-09 15:54:59,612: INFO: common: created directory at: artifacts]
[2025-11-09 15:54:59,612: INFO: common: created directory at: artifacts\training]
[2025-11-09 15:54:59,783: WARNING: saving_utils: Compiled the loaded model, but the compiled metrics have yet to be built. `model.compile_metrics` will be empty until you train or evaluate the model.]
[2025-11-09 17:05:27,810: WARNING: saving_api: You are saving your model as an HDF5 file via `model.save()` or `keras.saving.save_model(model)`. This file format is considered legacy. We recommend using instead the native Keras format, e.g. `model.save('my_model.keras')` or `keras.saving.save_model(model, 'my_model.keras')`. ]
[2025-11-09 17:05:27,884: INFO: main: >>>>>> Stage Training completed <<<<<<

x==========x]
[2025-11-09 17:27:57,084: INFO: main: >>>>>> stage Data Ingestion Stage started <<<<<<]
[2025-11-09 17:27:57,084: INFO: common: yaml file: config\config.yaml loaded successfully]
[2025-11-09 17:27:57,084: INFO: common: yaml file: params.yaml loaded successfully]
[2025-11-09 17:27:57,098: INFO: common: created directory at: artifacts]
[2025-11-09 17:27:57,098: INFO: common: created directory at: artifacts/data_ingestion]
[2025-11-09 17:27:57,098: INFO: data_ingestion: Downloading file from : https://drive.google.com/file/d/1ZGm5yeADS36R1G2pkvPImYWjM-McvLht/view?usp=sharing into file : artifacts/data_ingestion/data.zip]
[2025-11-09 17:29:58,479: INFO: main: >>>>>> stage Data Ingestion Stage started <<<<<<]
[2025-11-09 17:29:58,479: INFO: common: yaml file: config\config.yaml loaded successfully]
[2025-11-09 17:29:58,479: INFO: common: yaml file: params.yaml loaded successfully]
[2025-11-09 17:29:58,479: INFO: common: created directory at: artifacts]
[2025-11-09 17:29:58,479: INFO: common: created directory at: artifacts/data_ingestion]
[2025-11-09 17:29:58,479: INFO: data_ingestion: Downloading file from : https://drive.google.com/file/d/1ZGm5yeADS36R1G2pkvPImYWjM-McvLht/view?usp=sharing into file : artifacts/data_ingestion/data.zip]
[2025-11-09 17:31:02,053: INFO: data_ingestion: downloaded data from https://drive.google.com/file/d/1ZGm5yeADS36R1G2pkvPImYWjM-McvLht/view?usp=sharing into file : artifacts/data_ingestion/data.zip]
[2025-11-09 17:31:07,466: INFO: main: >>>>>> stage Data Ingestion Stage completed <<<<<<

x==========x]
[2025-11-09 17:31:07,466: INFO: main: ****************]
[2025-11-09 17:31:07,466: INFO: main: >>>>>> Stage Prepare Base Model Stage started <<<<<<]
[2025-11-09 17:31:07,466: INFO: common: yaml file: config\config.yaml loaded successfully]
[2025-11-09 17:31:07,466: INFO: common: yaml file: params.yaml loaded successfully]
[2025-11-09 17:31:07,466: INFO: common: created directory at: artifacts]
[2025-11-09 17:31:07,466: INFO: common: created directory at: artifacts/prepare_base_model]
[2025-11-09 17:31:07,819: WARNING: saving_api: You are saving your model as an HDF5 file via `model.save()` or `keras.saving.save_model(model)`. This file format is considered legacy. We recommend using instead the native Keras format, e.g. `model.save('my_model.keras')` or `keras.saving.save_model(model, 'my_model.keras')`. ]
[2025-11-09 17:31:07,924: WARNING: saving_api: You are saving your model as an HDF5 file via `model.save()` or `keras.saving.save_model(model)`. This file format is considered legacy. We recommend using instead the native Keras format, e.g. `model.save('my_model.keras')` or `keras.saving.save_model(model, 'my_model.keras')`. ]
[2025-11-09 17:31:07,995: INFO: main: >>>>>> Stage Prepare Base Model Stage completed <<<<<<

x==========x]
[2025-11-09 17:31:07,995: INFO: main: ************]
[2025-11-09 17:31:07,995: INFO: main: >>>>>> Stage Training started <<<<<<]
[2025-11-09 17:31:08,007: INFO: common: yaml file: config\config.yaml loaded successfully]
[2025-11-09 17:31:08,008: INFO: common: yaml file: params.yaml loaded successfully]
[2025-11-09 17:31:08,008: INFO: common: created directory at: artifacts]
[2025-11-09 17:31:08,010: INFO: common: created directory at: artifacts\training]
[2025-11-09 17:31:08,128: WARNING: saving_utils: Compiled the loaded model, but the compiled metrics have yet to be built. `model.compile_metrics` will be empty until you train or evaluate the model.]
[2025-11-09 17:34:06,189: INFO: main: >>>>>> stage Data Ingestion Stage started <<<<<<]
[2025-11-09 17:34:06,189: INFO: common: yaml file: config\config.yaml loaded successfully]
[2025-11-09 17:34:06,189: INFO: common: yaml file: params.yaml loaded successfully]
[2025-11-09 17:34:06,189: INFO: common: created directory at: artifacts]
[2025-11-09 17:34:06,205: INFO: common: created directory at: artifacts/data_ingestion]
[2025-11-09 17:34:06,205: INFO: data_ingestion: Downloading file from : https://drive.google.com/file/d/1ZGm5yeADS36R1G2pkvPImYWjM-McvLht/view?usp=sharing into file : artifacts/data_ingestion/data.zip]
[2025-11-09 18:19:13,600: INFO: main: ***************]
[2025-11-09 18:19:13,612: INFO: main: >>>>> stage Evaluation stage started <<<<<]
[2025-11-09 18:19:13,612: INFO: common: yaml file: config\config.yaml loaded successfully]
[2025-11-09 18:19:13,612: INFO: common: yaml file: params.yaml loaded successfully]
[2025-11-09 18:19:13,612: INFO: common: created directory at: artifacts]
[2025-11-09 18:19:13,612: ERROR: main: 'ConfigurationManager' object has no attribute 'get_evaluation_config']
Traceback (most recent call last):
  File "E:\Kidney project\Kidney-disease-classification-with-mlflow-dvc\main.py", line 18, in <module>
    obj.main()
  File "E:\Kidney project\Kidney-disease-classification-with-mlflow-dvc\src\KidneyClassification\pipeline\stage_04_model_evaluation.py", line 15, in main
    eval_config = config.get_evaluation_config()
AttributeError: 'ConfigurationManager' object has no attribute 'get_evaluation_config'
[2025-11-09 18:22:18,474: INFO: main: ***************]
[2025-11-09 18:22:18,475: INFO: main: >>>>> stage Evaluation stage started <<<<<]
[2025-11-09 18:22:18,477: INFO: common: yaml file: config\config.yaml loaded successfully]
[2025-11-09 18:22:18,478: INFO: common: yaml file: params.yaml loaded successfully]
[2025-11-09 18:22:18,478: INFO: common: created directory at: artifacts]
[2025-11-09 18:22:18,494: ERROR: main: [Errno 2] Unable to synchronously open file (unable to open file: name = 'artifacts/training/model.h5', errno = 2, error message = 'No such file or directory', flags = 0, o_flags = 0)]
Traceback (most recent call last):
  File "E:\Kidney project\Kidney-disease-classification-with-mlflow-dvc\main.py", line 18, in <module>
    obj.main()
  File "E:\Kidney project\Kidney-disease-classification-with-mlflow-dvc\src\KidneyClassification\pipeline\stage_04_model_evaluation.py", line 18, in main
    evaluation.evaluation()
  File "E:\Kidney project\Kidney-disease-classification-with-mlflow-dvc\src\KidneyClassification\components\model_evaluation_mlflow.py", line 45, in evaluation
    self.model = self.load_model(self.config.path_of_model)
  File "E:\Kidney project\Kidney-disease-classification-with-mlflow-dvc\src\KidneyClassification\components\model_evaluation_mlflow.py", line 42, in load_model
    return tf.keras.models.load_model(path)
  File "E:\New folder\envs\kidney\lib\site-packages\keras\src\saving\saving_api.py", line 196, in load_model
    return legacy_h5_format.load_model_from_hdf5(
  File "E:\New folder\envs\kidney\lib\site-packages\keras\src\legacy\saving\legacy_h5_format.py", line 116, in load_model_from_hdf5
    f = h5py.File(filepath, mode="r")
  File "E:\New folder\envs\kidney\lib\site-packages\h5py\_hl\files.py", line 564, in __init__
    fid = make_fid(name, mode, userblock_size, fapl, fcpl, swmr=swmr)
  File "E:\New folder\envs\kidney\lib\site-packages\h5py\_hl\files.py", line 238, in make_fid
    fid = h5f.open(name, flags, fapl=fapl)
  File "h5py/_objects.pyx", line 56, in h5py._objects.with_phil.wrapper
  File "h5py/_objects.pyx", line 57, in h5py._objects.with_phil.wrapper
  File "h5py/h5f.pyx", line 102, in h5py.h5f.open
FileNotFoundError: [Errno 2] Unable to synchronously open file (unable to open file: name = 'artifacts/training/model.h5', errno = 2, error message = 'No such file or directory', flags = 0, o_flags = 0)
[2025-11-09 18:22:32,106: INFO: main: ***************]
[2025-11-09 18:22:32,107: INFO: main: >>>>> stage Evaluation stage started <<<<<]
[2025-11-09 18:22:32,109: INFO: common: yaml file: config\config.yaml loaded successfully]
[2025-11-09 18:22:32,110: INFO: common: yaml file: params.yaml loaded successfully]
[2025-11-09 18:22:32,111: INFO: common: created directory at: artifacts]
[2025-11-09 18:22:32,111: ERROR: main: [Errno 2] Unable to synchronously open file (unable to open file: name = 'artifacts/training/model.h5', errno = 2, error message = 'No such file or directory', flags = 0, o_flags = 0)]
Traceback (most recent call last):
  File "E:\Kidney project\Kidney-disease-classification-with-mlflow-dvc\main.py", line 18, in <module>
    obj.main()
  File "E:\Kidney project\Kidney-disease-classification-with-mlflow-dvc\src\KidneyClassification\pipeline\stage_04_model_evaluation.py", line 18, in main
    evaluation.evaluation()
  File "E:\Kidney project\Kidney-disease-classification-with-mlflow-dvc\src\KidneyClassification\components\model_evaluation_mlflow.py", line 45, in evaluation
    self.model = self.load_model(self.config.path_of_model)
  File "E:\Kidney project\Kidney-disease-classification-with-mlflow-dvc\src\KidneyClassification\components\model_evaluation_mlflow.py", line 42, in load_model
    return tf.keras.models.load_model(path)
  File "E:\New folder\envs\kidney\lib\site-packages\keras\src\saving\saving_api.py", line 196, in load_model
    return legacy_h5_format.load_model_from_hdf5(
  File "E:\New folder\envs\kidney\lib\site-packages\keras\src\legacy\saving\legacy_h5_format.py", line 116, in load_model_from_hdf5
    f = h5py.File(filepath, mode="r")
  File "E:\New folder\envs\kidney\lib\site-packages\h5py\_hl\files.py", line 564, in __init__
    fid = make_fid(name, mode, userblock_size, fapl, fcpl, swmr=swmr)
  File "E:\New folder\envs\kidney\lib\site-packages\h5py\_hl\files.py", line 238, in make_fid
    fid = h5f.open(name, flags, fapl=fapl)
  File "h5py/_objects.pyx", line 56, in h5py._objects.with_phil.wrapper
  File "h5py/_objects.pyx", line 57, in h5py._objects.with_phil.wrapper
  File "h5py/h5f.pyx", line 102, in h5py.h5f.open
FileNotFoundError: [Errno 2] Unable to synchronously open file (unable to open file: name = 'artifacts/training/model.h5', errno = 2, error message = 'No such file or directory', flags = 0, o_flags = 0)
[2025-11-09 22:41:56,606: INFO: main: >>>>>> stage Data Ingestion Stage started <<<<<<]
[2025-11-09 22:41:56,606: INFO: common: yaml file: config\config.yaml loaded successfully]
[2025-11-09 22:41:56,615: INFO: common: yaml file: params.yaml loaded successfully]
[2025-11-09 22:41:56,617: INFO: common: created directory at: artifacts]
[2025-11-09 22:41:56,619: INFO: common: created directory at: artifacts/data_ingestion]
[2025-11-09 22:41:56,619: INFO: data_ingestion: Downloading file from : https://drive.google.com/file/d/1ZGm5yeADS36R1G2pkvPImYWjM-McvLht/view?usp=sharing into file : artifacts/data_ingestion/data.zip]
[2025-11-09 22:43:52,304: INFO: data_ingestion: downloaded data from https://drive.google.com/file/d/1ZGm5yeADS36R1G2pkvPImYWjM-McvLht/view?usp=sharing into file : artifacts/data_ingestion/data.zip]
[2025-11-09 22:43:58,659: INFO: main: >>>>>> stage Data Ingestion Stage completed <<<<<<

x==========x]
[2025-11-09 22:43:58,659: INFO: main: ****************]
[2025-11-09 22:43:58,659: INFO: main: >>>>>> Stage Prepare Base Model Stage started <<<<<<]
[2025-11-09 22:43:58,659: INFO: common: yaml file: config\config.yaml loaded successfully]
[2025-11-09 22:43:58,659: INFO: common: yaml file: params.yaml loaded successfully]
[2025-11-09 22:43:58,659: INFO: common: created directory at: artifacts]
[2025-11-09 22:43:58,663: INFO: common: created directory at: artifacts/prepare_base_model]
[2025-11-09 22:43:59,132: WARNING: saving_api: You are saving your model as an HDF5 file via `model.save()` or `keras.saving.save_model(model)`. This file format is considered legacy. We recommend using instead the native Keras format, e.g. `model.save('my_model.keras')` or `keras.saving.save_model(model, 'my_model.keras')`. ]
[2025-11-09 22:43:59,259: WARNING: saving_api: You are saving your model as an HDF5 file via `model.save()` or `keras.saving.save_model(model)`. This file format is considered legacy. We recommend using instead the native Keras format, e.g. `model.save('my_model.keras')` or `keras.saving.save_model(model, 'my_model.keras')`. ]
[2025-11-09 22:43:59,339: INFO: main: >>>>>> Stage Prepare Base Model Stage completed <<<<<<

x==========x]
[2025-11-09 22:43:59,339: INFO: main: ************]
[2025-11-09 22:43:59,339: INFO: main: >>>>>> Stage Training started <<<<<<]
[2025-11-09 22:43:59,339: INFO: common: yaml file: config\config.yaml loaded successfully]
[2025-11-09 22:43:59,339: INFO: common: yaml file: params.yaml loaded successfully]
[2025-11-09 22:43:59,339: INFO: common: created directory at: artifacts]
[2025-11-09 22:43:59,339: INFO: common: created directory at: artifacts\training]
[2025-11-09 22:43:59,484: WARNING: saving_utils: Compiled the loaded model, but the compiled metrics have yet to be built. `model.compile_metrics` will be empty until you train or evaluate the model.]
[2025-11-09 23:04:02,983: INFO: main: >>>>>> stage Data Ingestion Stage started <<<<<<]
[2025-11-09 23:04:02,983: INFO: common: yaml file: config\config.yaml loaded successfully]
[2025-11-09 23:04:02,983: INFO: common: yaml file: params.yaml loaded successfully]
[2025-11-09 23:04:02,987: INFO: common: created directory at: artifacts]
[2025-11-09 23:04:02,987: INFO: common: created directory at: artifacts/data_ingestion]
[2025-11-09 23:04:02,987: INFO: data_ingestion: Downloading file from : https://drive.google.com/file/d/1ZGm5yeADS36R1G2pkvPImYWjM-McvLht/view?usp=sharing into file : artifacts/data_ingestion/data.zip]
[2025-11-09 23:05:22,604: INFO: data_ingestion: downloaded data from https://drive.google.com/file/d/1ZGm5yeADS36R1G2pkvPImYWjM-McvLht/view?usp=sharing into file : artifacts/data_ingestion/data.zip]
[2025-11-09 23:05:28,278: INFO: main: >>>>>> stage Data Ingestion Stage completed <<<<<<

x==========x]
[2025-11-09 23:05:28,278: INFO: main: ****************]
[2025-11-09 23:05:28,278: INFO: main: >>>>>> Stage Prepare Base Model Stage started <<<<<<]
[2025-11-09 23:05:28,278: INFO: common: yaml file: config\config.yaml loaded successfully]
[2025-11-09 23:05:28,286: INFO: common: yaml file: params.yaml loaded successfully]
[2025-11-09 23:05:28,286: INFO: common: created directory at: artifacts]
[2025-11-09 23:05:28,286: INFO: common: created directory at: artifacts/prepare_base_model]
[2025-11-09 23:05:28,556: WARNING: saving_api: You are saving your model as an HDF5 file via `model.save()` or `keras.saving.save_model(model)`. This file format is considered legacy. We recommend using instead the native Keras format, e.g. `model.save('my_model.keras')` or `keras.saving.save_model(model, 'my_model.keras')`. ]
[2025-11-09 23:05:28,667: WARNING: saving_api: You are saving your model as an HDF5 file via `model.save()` or `keras.saving.save_model(model)`. This file format is considered legacy. We recommend using instead the native Keras format, e.g. `model.save('my_model.keras')` or `keras.saving.save_model(model, 'my_model.keras')`. ]
[2025-11-09 23:05:28,758: INFO: main: >>>>>> Stage Prepare Base Model Stage completed <<<<<<

x==========x]
[2025-11-09 23:05:28,758: INFO: main: ************]
[2025-11-09 23:05:28,758: INFO: main: >>>>>> Stage Training started <<<<<<]
[2025-11-09 23:05:28,762: INFO: common: yaml file: config\config.yaml loaded successfully]
[2025-11-09 23:05:28,763: INFO: common: yaml file: params.yaml loaded successfully]
[2025-11-09 23:05:28,763: INFO: common: created directory at: artifacts]
[2025-11-09 23:05:28,763: INFO: common: created directory at: artifacts\training]
[2025-11-09 23:05:28,904: WARNING: saving_utils: Compiled the loaded model, but the compiled metrics have yet to be built. `model.compile_metrics` will be empty until you train or evaluate the model.]
[2025-11-09 23:25:59,527: INFO: main: >>>>>> stage Data Ingestion Stage started <<<<<<]
[2025-11-09 23:25:59,530: INFO: common: yaml file: config\config.yaml loaded successfully]
[2025-11-09 23:25:59,531: INFO: common: yaml file: params.yaml loaded successfully]
[2025-11-09 23:25:59,532: INFO: common: created directory at: artifacts]
[2025-11-09 23:25:59,533: INFO: common: created directory at: artifacts/data_ingestion]
[2025-11-09 23:25:59,533: INFO: data_ingestion: Downloading file from : https://drive.google.com/file/d/1ZGm5yeADS36R1G2pkvPImYWjM-McvLht/view?usp=sharing into file : artifacts/data_ingestion/data.zip]
[2025-11-09 23:27:11,114: INFO: data_ingestion: downloaded data from https://drive.google.com/file/d/1ZGm5yeADS36R1G2pkvPImYWjM-McvLht/view?usp=sharing into file : artifacts/data_ingestion/data.zip]
[2025-11-09 23:27:17,126: INFO: main: >>>>>> stage Data Ingestion Stage completed <<<<<<

x==========x]
[2025-11-09 23:27:17,127: INFO: main: ****************]
[2025-11-09 23:27:17,127: INFO: main: >>>>>> Stage Prepare Base Model Stage started <<<<<<]
[2025-11-09 23:27:17,128: INFO: common: yaml file: config\config.yaml loaded successfully]
[2025-11-09 23:27:17,130: INFO: common: yaml file: params.yaml loaded successfully]
[2025-11-09 23:27:17,131: INFO: common: created directory at: artifacts]
[2025-11-09 23:27:17,131: INFO: common: created directory at: artifacts/prepare_base_model]
[2025-11-09 23:27:17,438: WARNING: saving_api: You are saving your model as an HDF5 file via `model.save()` or `keras.saving.save_model(model)`. This file format is considered legacy. We recommend using instead the native Keras format, e.g. `model.save('my_model.keras')` or `keras.saving.save_model(model, 'my_model.keras')`. ]
[2025-11-09 23:27:17,584: WARNING: saving_api: You are saving your model as an HDF5 file via `model.save()` or `keras.saving.save_model(model)`. This file format is considered legacy. We recommend using instead the native Keras format, e.g. `model.save('my_model.keras')` or `keras.saving.save_model(model, 'my_model.keras')`. ]
[2025-11-09 23:27:17,685: INFO: main: >>>>>> Stage Prepare Base Model Stage completed <<<<<<

x==========x]
[2025-11-09 23:27:17,686: INFO: main: ************]
[2025-11-09 23:27:17,686: INFO: main: >>>>>> Stage Training started <<<<<<]
[2025-11-09 23:27:17,688: INFO: common: yaml file: config\config.yaml loaded successfully]
[2025-11-09 23:27:17,690: INFO: common: yaml file: params.yaml loaded successfully]
[2025-11-09 23:27:17,690: INFO: common: created directory at: artifacts]
[2025-11-09 23:27:17,691: INFO: common: created directory at: artifacts\training]
[2025-11-09 23:27:17,849: WARNING: saving_utils: Compiled the loaded model, but the compiled metrics have yet to be built. `model.compile_metrics` will be empty until you train or evaluate the model.]
[2025-11-09 23:27:18,011: ERROR: main: fit() got an unexpected keyword argument 'workers']
Traceback (most recent call last):
  File "E:\Kidney project\Kidney-disease-classification-with-mlflow-dvc\main.py", line 41, in <module>
    obj.main()
  File "E:\Kidney project\Kidney-disease-classification-with-mlflow-dvc\src\KidneyClassification\pipeline\stage_03_model_training.py", line 18, in main
    training.train()
  File "E:\Kidney project\Kidney-disease-classification-with-mlflow-dvc\src\KidneyClassification\components\model_training.py", line 86, in train
    self.model.fit(
  File "E:\New folder\envs\kidney\lib\site-packages\keras\src\utils\traceback_utils.py", line 122, in error_handler
    raise e.with_traceback(filtered_tb) from None
  File "E:\New folder\envs\kidney\lib\site-packages\keras\src\utils\traceback_utils.py", line 117, in error_handler
    return fn(*args, **kwargs)
TypeError: fit() got an unexpected keyword argument 'workers'
[2025-11-09 23:34:10,213: INFO: main: >>>>>> stage Data Ingestion Stage started <<<<<<]
[2025-11-09 23:34:10,223: INFO: common: yaml file: config\config.yaml loaded successfully]
[2025-11-09 23:34:10,223: INFO: common: yaml file: params.yaml loaded successfully]
[2025-11-09 23:34:10,223: INFO: common: created directory at: artifacts]
[2025-11-09 23:34:10,223: INFO: common: created directory at: artifacts/data_ingestion]
[2025-11-09 23:34:10,223: INFO: data_ingestion: Downloading file from : https://drive.google.com/file/d/1ZGm5yeADS36R1G2pkvPImYWjM-McvLht/view?usp=sharing into file : artifacts/data_ingestion/data.zip]
[2025-11-09 23:35:26,051: INFO: data_ingestion: downloaded data from https://drive.google.com/file/d/1ZGm5yeADS36R1G2pkvPImYWjM-McvLht/view?usp=sharing into file : artifacts/data_ingestion/data.zip]
[2025-11-09 23:35:32,706: INFO: main: >>>>>> stage Data Ingestion Stage completed <<<<<<

x==========x]
[2025-11-09 23:35:32,706: INFO: main: ****************]
[2025-11-09 23:35:32,706: INFO: main: >>>>>> Stage Prepare Base Model Stage started <<<<<<]
[2025-11-09 23:35:32,708: INFO: common: yaml file: config\config.yaml loaded successfully]
[2025-11-09 23:35:32,708: INFO: common: yaml file: params.yaml loaded successfully]
[2025-11-09 23:35:32,708: INFO: common: created directory at: artifacts]
[2025-11-09 23:35:32,710: INFO: common: created directory at: artifacts/prepare_base_model]
[2025-11-09 23:35:32,990: WARNING: saving_api: You are saving your model as an HDF5 file via `model.save()` or `keras.saving.save_model(model)`. This file format is considered legacy. We recommend using instead the native Keras format, e.g. `model.save('my_model.keras')` or `keras.saving.save_model(model, 'my_model.keras')`. ]
[2025-11-09 23:35:33,121: WARNING: saving_api: You are saving your model as an HDF5 file via `model.save()` or `keras.saving.save_model(model)`. This file format is considered legacy. We recommend using instead the native Keras format, e.g. `model.save('my_model.keras')` or `keras.saving.save_model(model, 'my_model.keras')`. ]
[2025-11-09 23:35:33,228: INFO: main: >>>>>> Stage Prepare Base Model Stage completed <<<<<<

x==========x]
[2025-11-09 23:35:33,228: INFO: main: ************]
[2025-11-09 23:35:33,228: INFO: main: >>>>>> Stage Training started <<<<<<]
[2025-11-09 23:35:33,228: INFO: common: yaml file: config\config.yaml loaded successfully]
[2025-11-09 23:35:33,233: INFO: common: yaml file: params.yaml loaded successfully]
[2025-11-09 23:35:33,233: INFO: common: created directory at: artifacts]
[2025-11-09 23:35:33,233: INFO: common: created directory at: artifacts\training]
[2025-11-09 23:35:33,384: WARNING: saving_utils: Compiled the loaded model, but the compiled metrics have yet to be built. `model.compile_metrics` will be empty until you train or evaluate the model.]
[2025-11-10 00:49:14,220: WARNING: saving_api: You are saving your model as an HDF5 file via `model.save()` or `keras.saving.save_model(model)`. This file format is considered legacy. We recommend using instead the native Keras format, e.g. `model.save('my_model.keras')` or `keras.saving.save_model(model, 'my_model.keras')`. ]
[2025-11-10 00:49:14,289: INFO: main: >>>>>> Stage Training completed <<<<<<

x==========x]
[2025-11-10 00:49:14,289: INFO: main: ***************]
[2025-11-10 00:49:14,289: INFO: main: >>>>> stage Evaluation stage started <<<<<]
[2025-11-10 00:49:14,291: INFO: common: yaml file: config\config.yaml loaded successfully]
[2025-11-10 00:49:14,293: INFO: common: yaml file: params.yaml loaded successfully]
[2025-11-10 00:49:14,293: INFO: common: created directory at: artifacts]
[2025-11-10 00:49:14,403: WARNING: saving_utils: Compiled the loaded model, but the compiled metrics have yet to be built. `model.compile_metrics` will be empty until you train or evaluate the model.]
[2025-11-10 00:50:45,379: INFO: common: json file saved at: scores.json]
[2025-11-10 00:50:45,380: INFO: common: json file saved at: scores.json]
[2025-11-10 00:51:05,664: INFO: main: >>>>> stage Evaluation stage completed <<<<<

x=========x]
[2025-11-10 15:03:30,036: INFO: stage01_data_ingestion: >>>>>> stage Data Ingestion Stage started <<<<<<]
[2025-11-10 15:03:30,036: INFO: common: yaml file: config\config.yaml loaded successfully]
[2025-11-10 15:03:30,047: INFO: common: yaml file: params.yaml loaded successfully]
[2025-11-10 15:03:30,047: INFO: common: created directory at: artifacts]
[2025-11-10 15:03:30,047: INFO: common: created directory at: artifacts/data_ingestion]
[2025-11-10 15:03:30,047: INFO: data_ingestion: Downloading file from : https://drive.google.com/file/d/1ZGm5yeADS36R1G2pkvPImYWjM-McvLht/view?usp=sharing into file : artifacts/data_ingestion/data.zip]
[2025-11-10 15:04:54,224: INFO: data_ingestion: downloaded data from https://drive.google.com/file/d/1ZGm5yeADS36R1G2pkvPImYWjM-McvLht/view?usp=sharing into file : artifacts/data_ingestion/data.zip]
[2025-11-10 15:05:00,711: INFO: stage01_data_ingestion: >>>>>> stage Data Ingestion Stage completed <<<<<<

x==========x]
[2025-11-10 15:06:05,521: INFO: stage_02_prepare_base_model: ****************]
[2025-11-10 15:06:05,521: INFO: stage_02_prepare_base_model: >>>>>> Stage Prepare Base Model started <<<<<<]
[2025-11-10 15:06:05,521: INFO: common: yaml file: config\config.yaml loaded successfully]
[2025-11-10 15:06:05,521: INFO: common: yaml file: params.yaml loaded successfully]
[2025-11-10 15:06:05,521: INFO: common: created directory at: artifacts]
[2025-11-10 15:06:05,521: INFO: common: created directory at: artifacts/prepare_base_model]
[2025-11-10 15:06:05,987: WARNING: saving_api: You are saving your model as an HDF5 file via `model.save()` or `keras.saving.save_model(model)`. This file format is considered legacy. We recommend using instead the native Keras format, e.g. `model.save('my_model.keras')` or `keras.saving.save_model(model, 'my_model.keras')`. ]
[2025-11-10 15:06:06,092: WARNING: saving_api: You are saving your model as an HDF5 file via `model.save()` or `keras.saving.save_model(model)`. This file format is considered legacy. We recommend using instead the native Keras format, e.g. `model.save('my_model.keras')` or `keras.saving.save_model(model, 'my_model.keras')`. ]
[2025-11-10 15:06:06,187: INFO: stage_02_prepare_base_model: >>>>>> Stage Prepare Base Model completed <<<<<<

x==========x]
[2025-11-10 15:06:14,067: INFO: stage_03_model_training: ************]
[2025-11-10 15:06:14,067: INFO: stage_03_model_training: >>>>>> Stage Training started <<<<<<]
[2025-11-10 15:06:14,074: INFO: common: yaml file: config\config.yaml loaded successfully]
[2025-11-10 15:06:14,076: INFO: common: yaml file: params.yaml loaded successfully]
[2025-11-10 15:06:14,076: INFO: common: created directory at: artifacts]
[2025-11-10 15:06:14,076: INFO: common: created directory at: artifacts\training]
[2025-11-10 15:06:14,278: WARNING: saving_utils: Compiled the loaded model, but the compiled metrics have yet to be built. `model.compile_metrics` will be empty until you train or evaluate the model.]
[2025-11-10 16:15:35,127: WARNING: saving_api: You are saving your model as an HDF5 file via `model.save()` or `keras.saving.save_model(model)`. This file format is considered legacy. We recommend using instead the native Keras format, e.g. `model.save('my_model.keras')` or `keras.saving.save_model(model, 'my_model.keras')`. ]
[2025-11-10 16:15:35,216: INFO: stage_03_model_training: >>>>>> Stage Training completed <<<<<<

x==========x]
[2025-11-10 16:15:55,307: INFO: stage_04_model_evaluation: ***************]
[2025-11-10 16:15:55,308: INFO: stage_04_model_evaluation: >>>>> stage Evaluation stage started <<<<<]
[2025-11-10 16:15:55,309: INFO: common: yaml file: config\config.yaml loaded successfully]
[2025-11-10 16:15:55,310: INFO: common: yaml file: params.yaml loaded successfully]
[2025-11-10 16:15:55,310: INFO: common: created directory at: artifacts]
[2025-11-10 16:15:55,487: WARNING: saving_utils: Compiled the loaded model, but the compiled metrics have yet to be built. `model.compile_metrics` will be empty until you train or evaluate the model.]
[2025-11-10 16:17:26,058: INFO: common: json file saved at: scores.json]
[2025-11-10 16:17:26,059: INFO: common: json file saved at: scores.json]
[2025-11-10 16:17:36,621: INFO: stage_04_model_evaluation: >>>>> stage Evaluation stage completed <<<<<

x=========x]
[2025-11-11 15:51:41,323: INFO: _internal: [31m[1mWARNING: This is a development server. Do not use it in a production deployment. Use a production WSGI server instead.[0m
 * Running on all addresses (0.0.0.0)
 * Running on http://127.0.0.1:8080
 * Running on http://10.234.91.165:8080]
[2025-11-11 15:51:41,325: INFO: _internal: [33mPress CTRL+C to quit[0m]
[2025-11-11 15:54:02,432: INFO: _internal: 127.0.0.1 - - [11/Nov/2025 15:54:02] "GET / HTTP/1.1" 200 -]
[2025-11-11 15:54:58,169: WARNING: saving_utils: Compiled the loaded model, but the compiled metrics have yet to be built. `model.compile_metrics` will be empty until you train or evaluate the model.]
[2025-11-11 15:54:58,836: INFO: _internal: 127.0.0.1 - - [11/Nov/2025 15:54:58] "POST /predict HTTP/1.1" 200 -]
[2025-11-11 15:55:10,067: WARNING: saving_utils: Compiled the loaded model, but the compiled metrics have yet to be built. `model.compile_metrics` will be empty until you train or evaluate the model.]
[2025-11-11 15:55:10,439: INFO: _internal: 127.0.0.1 - - [11/Nov/2025 15:55:10] "POST /predict HTTP/1.1" 200 -]
[2025-11-11 15:55:20,605: WARNING: saving_utils: Compiled the loaded model, but the compiled metrics have yet to be built. `model.compile_metrics` will be empty until you train or evaluate the model.]
[2025-11-11 15:55:20,980: INFO: _internal: 127.0.0.1 - - [11/Nov/2025 15:55:20] "POST /predict HTTP/1.1" 200 -]
[2025-11-11 15:56:12,177: WARNING: saving_utils: Compiled the loaded model, but the compiled metrics have yet to be built. `model.compile_metrics` will be empty until you train or evaluate the model.]
[2025-11-11 15:56:12,551: INFO: _internal: 127.0.0.1 - - [11/Nov/2025 15:56:12] "POST /predict HTTP/1.1" 200 -]
[2025-11-11 15:56:14,544: WARNING: saving_utils: Compiled the loaded model, but the compiled metrics have yet to be built. `model.compile_metrics` will be empty until you train or evaluate the model.]
[2025-11-11 15:56:14,888: WARNING: polymorphic_function: 5 out of the last 5 calls to <function TensorFlowTrainer.make_predict_function.<locals>.one_step_on_data_distributed at 0x0000013D9B6AA8B0> triggered tf.function retracing. Tracing is expensive and the excessive number of tracings could be due to (1) creating @tf.function repeatedly in a loop, (2) passing tensors with different shapes, (3) passing Python objects instead of tensors. For (1), please define your @tf.function outside of the loop. For (2), @tf.function has reduce_retracing=True option that can avoid unnecessary retracing. For (3), please refer to https://www.tensorflow.org/guide/function#controlling_retracing and https://www.tensorflow.org/api_docs/python/tf/function for  more details.]
[2025-11-11 15:56:14,923: INFO: _internal: 127.0.0.1 - - [11/Nov/2025 15:56:14] "POST /predict HTTP/1.1" 200 -]
[2025-11-11 15:56:15,701: WARNING: saving_utils: Compiled the loaded model, but the compiled metrics have yet to be built. `model.compile_metrics` will be empty until you train or evaluate the model.]
[2025-11-11 15:56:16,041: WARNING: polymorphic_function: 6 out of the last 6 calls to <function TensorFlowTrainer.make_predict_function.<locals>.one_step_on_data_distributed at 0x0000013D9B6DF8B0> triggered tf.function retracing. Tracing is expensive and the excessive number of tracings could be due to (1) creating @tf.function repeatedly in a loop, (2) passing tensors with different shapes, (3) passing Python objects instead of tensors. For (1), please define your @tf.function outside of the loop. For (2), @tf.function has reduce_retracing=True option that can avoid unnecessary retracing. For (3), please refer to https://www.tensorflow.org/guide/function#controlling_retracing and https://www.tensorflow.org/api_docs/python/tf/function for  more details.]
[2025-11-11 15:56:16,072: INFO: _internal: 127.0.0.1 - - [11/Nov/2025 15:56:16] "POST /predict HTTP/1.1" 200 -]
[2025-11-11 15:56:23,860: WARNING: saving_utils: Compiled the loaded model, but the compiled metrics have yet to be built. `model.compile_metrics` will be empty until you train or evaluate the model.]
[2025-11-11 15:56:24,307: INFO: _internal: 127.0.0.1 - - [11/Nov/2025 15:56:24] "POST /predict HTTP/1.1" 200 -]
[2025-11-11 15:56:34,157: WARNING: saving_utils: Compiled the loaded model, but the compiled metrics have yet to be built. `model.compile_metrics` will be empty until you train or evaluate the model.]
[2025-11-11 15:56:34,529: INFO: _internal: 127.0.0.1 - - [11/Nov/2025 15:56:34] "POST /predict HTTP/1.1" 200 -]
[2025-11-11 15:56:47,433: WARNING: saving_utils: Compiled the loaded model, but the compiled metrics have yet to be built. `model.compile_metrics` will be empty until you train or evaluate the model.]
[2025-11-11 15:56:47,811: INFO: _internal: 127.0.0.1 - - [11/Nov/2025 15:56:47] "POST /predict HTTP/1.1" 200 -]
[2025-11-11 15:56:48,962: WARNING: saving_utils: Compiled the loaded model, but the compiled metrics have yet to be built. `model.compile_metrics` will be empty until you train or evaluate the model.]
[2025-11-11 15:56:49,504: INFO: _internal: 127.0.0.1 - - [11/Nov/2025 15:56:49] "POST /predict HTTP/1.1" 200 -]
[2025-11-11 15:57:01,311: WARNING: saving_utils: Compiled the loaded model, but the compiled metrics have yet to be built. `model.compile_metrics` will be empty until you train or evaluate the model.]
[2025-11-11 15:57:01,681: INFO: _internal: 127.0.0.1 - - [11/Nov/2025 15:57:01] "POST /predict HTTP/1.1" 200 -]
[2025-11-11 15:57:12,107: INFO: _internal: 127.0.0.1 - - [11/Nov/2025 15:57:12] "GET / HTTP/1.1" 200 -]
[2025-11-11 15:57:22,056: WARNING: saving_utils: Compiled the loaded model, but the compiled metrics have yet to be built. `model.compile_metrics` will be empty until you train or evaluate the model.]
[2025-11-11 15:57:22,429: INFO: _internal: 127.0.0.1 - - [11/Nov/2025 15:57:22] "POST /predict HTTP/1.1" 200 -]
[2025-11-11 15:57:23,893: WARNING: saving_utils: Compiled the loaded model, but the compiled metrics have yet to be built. `model.compile_metrics` will be empty until you train or evaluate the model.]
[2025-11-11 15:57:24,265: INFO: _internal: 127.0.0.1 - - [11/Nov/2025 15:57:24] "POST /predict HTTP/1.1" 200 -]
[2025-11-11 15:57:25,568: WARNING: saving_utils: Compiled the loaded model, but the compiled metrics have yet to be built. `model.compile_metrics` will be empty until you train or evaluate the model.]
[2025-11-11 15:57:25,933: INFO: _internal: 127.0.0.1 - - [11/Nov/2025 15:57:25] "POST /predict HTTP/1.1" 200 -]
[2025-11-11 15:57:50,033: WARNING: saving_utils: Compiled the loaded model, but the compiled metrics have yet to be built. `model.compile_metrics` will be empty until you train or evaluate the model.]
[2025-11-11 15:57:50,401: INFO: _internal: 127.0.0.1 - - [11/Nov/2025 15:57:50] "POST /predict HTTP/1.1" 200 -]
[2025-11-11 15:57:51,498: WARNING: saving_utils: Compiled the loaded model, but the compiled metrics have yet to be built. `model.compile_metrics` will be empty until you train or evaluate the model.]
[2025-11-11 15:57:51,874: INFO: _internal: 127.0.0.1 - - [11/Nov/2025 15:57:51] "POST /predict HTTP/1.1" 200 -]
[2025-11-11 15:57:52,283: WARNING: saving_utils: Compiled the loaded model, but the compiled metrics have yet to be built. `model.compile_metrics` will be empty until you train or evaluate the model.]
[2025-11-11 15:57:52,659: INFO: _internal: 127.0.0.1 - - [11/Nov/2025 15:57:52] "POST /predict HTTP/1.1" 200 -]
[2025-11-11 16:13:09,586: INFO: _internal: [31m[1mWARNING: This is a development server. Do not use it in a production deployment. Use a production WSGI server instead.[0m
 * Running on all addresses (0.0.0.0)
 * Running on http://127.0.0.1:8080
 * Running on http://10.234.91.165:8080]
[2025-11-11 16:13:09,586: INFO: _internal: [33mPress CTRL+C to quit[0m]
[2025-11-11 16:13:30,731: INFO: _internal: 127.0.0.1 - - [11/Nov/2025 16:13:30] "GET / HTTP/1.1" 200 -]
[2025-11-11 16:13:32,788: WARNING: saving_utils: Compiled the loaded model, but the compiled metrics have yet to be built. `model.compile_metrics` will be empty until you train or evaluate the model.]
[2025-11-11 16:13:32,983: ERROR: app: Exception on /predict [POST]]
Traceback (most recent call last):
  File "E:\New folder\envs\kidney\lib\site-packages\flask\app.py", line 2190, in wsgi_app
    response = self.full_dispatch_request()
  File "E:\New folder\envs\kidney\lib\site-packages\flask\app.py", line 1486, in full_dispatch_request
    rv = self.handle_user_exception(e)
  File "E:\New folder\envs\kidney\lib\site-packages\flask_cors\extension.py", line 176, in wrapped_function
    return cors_after_request(app.make_response(f(*args, **kwargs)))
  File "E:\New folder\envs\kidney\lib\site-packages\flask\app.py", line 1484, in full_dispatch_request
    rv = self.dispatch_request()
  File "E:\New folder\envs\kidney\lib\site-packages\flask\app.py", line 1469, in dispatch_request
    return self.ensure_sync(self.view_functions[rule.endpoint])(**view_args)
  File "E:\New folder\envs\kidney\lib\site-packages\flask_cors\decorator.py", line 121, in wrapped_function
    resp = make_response(f(*args, **kwargs))
  File "E:\Kidney project\Kidney-disease-classification-with-mlflow-dvc\app.py", line 44, in predictRoute
    result = clApp.classifier.predict()
  File "E:\Kidney project\Kidney-disease-classification-with-mlflow-dvc\src\KidneyClassification\pipeline\prediction.py", line 15, in predict
    img = image.load_img(self.filename, target_size=(224,224))
  File "E:\New folder\envs\kidney\lib\site-packages\keras\src\utils\image_utils.py", line 236, in load_img
    img = pil_image.open(io.BytesIO(f.read()))
  File "E:\New folder\envs\kidney\lib\site-packages\PIL\Image.py", line 3580, in open
    raise UnidentifiedImageError(msg)
PIL.UnidentifiedImageError: cannot identify image file <_io.BytesIO object at 0x000002A7A9A948B0>
[2025-11-11 16:13:32,994: INFO: _internal: 127.0.0.1 - - [11/Nov/2025 16:13:32] "[35m[1mPOST /predict HTTP/1.1[0m" 500 -]
[2025-11-11 16:15:13,404: INFO: _internal: 127.0.0.1 - - [11/Nov/2025 16:15:13] "GET / HTTP/1.1" 200 -]
[2025-11-11 16:15:20,959: WARNING: saving_utils: Compiled the loaded model, but the compiled metrics have yet to be built. `model.compile_metrics` will be empty until you train or evaluate the model.]
[2025-11-11 16:15:21,392: INFO: _internal: 127.0.0.1 - - [11/Nov/2025 16:15:21] "POST /predict HTTP/1.1" 200 -]
[2025-11-11 17:01:47,912: INFO: main: >>>>>> stage Data Ingestion Stage started <<<<<<]
[2025-11-11 17:01:47,915: INFO: common: yaml file: config\config.yaml loaded successfully]
[2025-11-11 17:01:47,918: INFO: common: yaml file: params.yaml loaded successfully]
[2025-11-11 17:01:47,920: INFO: common: created directory at: artifacts]
[2025-11-11 17:01:47,920: INFO: common: created directory at: artifacts/data_ingestion]
[2025-11-11 17:01:47,921: INFO: data_ingestion: Downloading file from : https://drive.google.com/file/d/1vlhZ5c7abUKF8xXERIw6m9Te8fW7ohw3/view?usp=sharing into file : artifacts/data_ingestion/data.zip]
[2025-11-11 17:01:57,971: INFO: data_ingestion: downloaded data from https://drive.google.com/file/d/1vlhZ5c7abUKF8xXERIw6m9Te8fW7ohw3/view?usp=sharing into file : artifacts/data_ingestion/data.zip]
[2025-11-11 17:01:58,391: INFO: main: >>>>>> stage Data Ingestion Stage completed <<<<<<

x==========x]
[2025-11-11 17:01:58,392: INFO: main: ****************]
[2025-11-11 17:01:58,392: INFO: main: >>>>>> Stage Prepare Base Model Stage started <<<<<<]
[2025-11-11 17:01:58,393: INFO: common: yaml file: config\config.yaml loaded successfully]
[2025-11-11 17:01:58,395: INFO: common: yaml file: params.yaml loaded successfully]
[2025-11-11 17:01:58,395: INFO: common: created directory at: artifacts]
[2025-11-11 17:01:58,396: INFO: common: created directory at: artifacts/prepare_base_model]
[2025-11-11 17:01:58,768: WARNING: saving_api: You are saving your model as an HDF5 file via `model.save()` or `keras.saving.save_model(model)`. This file format is considered legacy. We recommend using instead the native Keras format, e.g. `model.save('my_model.keras')` or `keras.saving.save_model(model, 'my_model.keras')`. ]
[2025-11-11 17:01:58,881: WARNING: saving_api: You are saving your model as an HDF5 file via `model.save()` or `keras.saving.save_model(model)`. This file format is considered legacy. We recommend using instead the native Keras format, e.g. `model.save('my_model.keras')` or `keras.saving.save_model(model, 'my_model.keras')`. ]
[2025-11-11 17:01:58,959: INFO: main: >>>>>> Stage Prepare Base Model Stage completed <<<<<<

x==========x]
[2025-11-11 17:01:58,960: INFO: main: ************]
[2025-11-11 17:01:58,960: INFO: main: >>>>>> Stage Training started <<<<<<]
[2025-11-11 17:01:58,962: INFO: common: yaml file: config\config.yaml loaded successfully]
[2025-11-11 17:01:58,963: INFO: common: yaml file: params.yaml loaded successfully]
[2025-11-11 17:01:58,963: INFO: common: created directory at: artifacts]
[2025-11-11 17:01:58,964: INFO: common: created directory at: artifacts\training]
[2025-11-11 17:01:59,095: WARNING: saving_utils: Compiled the loaded model, but the compiled metrics have yet to be built. `model.compile_metrics` will be empty until you train or evaluate the model.]
[2025-11-11 17:01:59,104: ERROR: main: [WinError 3] The system cannot find the path specified: 'artifacts\\data_ingestion\\Kidney-CT-Scan-Images\\Kidney-CT-Scan-Images']
Traceback (most recent call last):
  File "E:\Kidney project\Kidney-disease-classification-with-mlflow-dvc\main.py", line 41, in <module>
    obj.main()
  File "E:\Kidney project\Kidney-disease-classification-with-mlflow-dvc\src\KidneyClassification\pipeline\stage_03_model_training.py", line 17, in main
    training.train_valid_generator()
  File "E:\Kidney project\Kidney-disease-classification-with-mlflow-dvc\src\KidneyClassification\components\model_training.py", line 45, in train_valid_generator
    self.valid_generator = valid_datagenerator.flow_from_directory(
  File "E:\New folder\envs\kidney\lib\site-packages\keras\src\legacy\preprocessing\image.py", line 1138, in flow_from_directory
    return DirectoryIterator(
  File "E:\New folder\envs\kidney\lib\site-packages\keras\src\legacy\preprocessing\image.py", line 453, in __init__
    for subdir in sorted(os.listdir(directory)):
FileNotFoundError: [WinError 3] The system cannot find the path specified: 'artifacts\\data_ingestion\\Kidney-CT-Scan-Images\\Kidney-CT-Scan-Images'
[2025-11-11 17:12:55,894: INFO: main: >>>>>> stage Data Ingestion Stage started <<<<<<]
[2025-11-11 17:12:55,896: INFO: common: yaml file: config\config.yaml loaded successfully]
[2025-11-11 17:12:55,898: INFO: common: yaml file: params.yaml loaded successfully]
[2025-11-11 17:12:55,898: INFO: common: created directory at: artifacts]
[2025-11-11 17:12:55,899: INFO: common: created directory at: artifacts/data_ingestion]
[2025-11-11 17:12:55,899: INFO: data_ingestion: Downloading file from : https://drive.google.com/file/d/1vlhZ5c7abUKF8xXERIw6m9Te8fW7ohw3/view?usp=sharing into file : artifacts/data_ingestion/data.zip]
[2025-11-11 17:13:38,498: INFO: data_ingestion: downloaded data from https://drive.google.com/file/d/1vlhZ5c7abUKF8xXERIw6m9Te8fW7ohw3/view?usp=sharing into file : artifacts/data_ingestion/data.zip]
[2025-11-11 17:13:38,941: INFO: main: >>>>>> stage Data Ingestion Stage completed <<<<<<

x==========x]
[2025-11-11 17:13:38,942: INFO: main: ****************]
[2025-11-11 17:13:38,942: INFO: main: >>>>>> Stage Prepare Base Model Stage started <<<<<<]
[2025-11-11 17:13:38,943: INFO: common: yaml file: config\config.yaml loaded successfully]
[2025-11-11 17:13:38,945: INFO: common: yaml file: params.yaml loaded successfully]
[2025-11-11 17:13:38,946: INFO: common: created directory at: artifacts]
[2025-11-11 17:13:38,946: INFO: common: created directory at: artifacts/prepare_base_model]
[2025-11-11 17:13:39,210: WARNING: saving_api: You are saving your model as an HDF5 file via `model.save()` or `keras.saving.save_model(model)`. This file format is considered legacy. We recommend using instead the native Keras format, e.g. `model.save('my_model.keras')` or `keras.saving.save_model(model, 'my_model.keras')`. ]
[2025-11-11 17:13:39,311: WARNING: saving_api: You are saving your model as an HDF5 file via `model.save()` or `keras.saving.save_model(model)`. This file format is considered legacy. We recommend using instead the native Keras format, e.g. `model.save('my_model.keras')` or `keras.saving.save_model(model, 'my_model.keras')`. ]
[2025-11-11 17:13:39,384: INFO: main: >>>>>> Stage Prepare Base Model Stage completed <<<<<<

x==========x]
[2025-11-11 17:13:39,386: INFO: main: ************]
[2025-11-11 17:13:39,386: INFO: main: >>>>>> Stage Training started <<<<<<]
[2025-11-11 17:13:39,388: INFO: common: yaml file: config\config.yaml loaded successfully]
[2025-11-11 17:13:39,388: INFO: common: yaml file: params.yaml loaded successfully]
[2025-11-11 17:13:39,389: INFO: common: created directory at: artifacts]
[2025-11-11 17:13:39,390: INFO: common: created directory at: artifacts\training]
[2025-11-11 17:13:39,506: WARNING: saving_utils: Compiled the loaded model, but the compiled metrics have yet to be built. `model.compile_metrics` will be empty until you train or evaluate the model.]
[2025-11-11 17:13:39,512: ERROR: main: [WinError 3] The system cannot find the path specified: 'artifacts\\data_ingestion\\Kidney-CT-Scan-Images\\Kidney-CT-Scan-Images']
Traceback (most recent call last):
  File "E:\Kidney project\Kidney-disease-classification-with-mlflow-dvc\main.py", line 41, in <module>
    obj.main()
  File "E:\Kidney project\Kidney-disease-classification-with-mlflow-dvc\src\KidneyClassification\pipeline\stage_03_model_training.py", line 17, in main
    training.train_valid_generator()
  File "E:\Kidney project\Kidney-disease-classification-with-mlflow-dvc\src\KidneyClassification\components\model_training.py", line 45, in train_valid_generator
    self.valid_generator = valid_datagenerator.flow_from_directory(
  File "E:\New folder\envs\kidney\lib\site-packages\keras\src\legacy\preprocessing\image.py", line 1138, in flow_from_directory
    return DirectoryIterator(
  File "E:\New folder\envs\kidney\lib\site-packages\keras\src\legacy\preprocessing\image.py", line 453, in __init__
    for subdir in sorted(os.listdir(directory)):
FileNotFoundError: [WinError 3] The system cannot find the path specified: 'artifacts\\data_ingestion\\Kidney-CT-Scan-Images\\Kidney-CT-Scan-Images'
[2025-11-11 17:16:27,936: INFO: main: >>>>>> stage Data Ingestion Stage started <<<<<<]
[2025-11-11 17:16:27,938: INFO: common: yaml file: config\config.yaml loaded successfully]
[2025-11-11 17:16:27,939: INFO: common: yaml file: params.yaml loaded successfully]
[2025-11-11 17:16:27,940: INFO: common: created directory at: artifacts]
[2025-11-11 17:16:27,940: INFO: common: created directory at: artifacts/data_ingestion]
[2025-11-11 17:16:27,941: INFO: data_ingestion: Downloading file from : https://drive.google.com/file/d/1vlhZ5c7abUKF8xXERIw6m9Te8fW7ohw3/view?usp=sharing into file : artifacts/data_ingestion/data.zip]
[2025-11-11 17:16:41,247: INFO: data_ingestion: downloaded data from https://drive.google.com/file/d/1vlhZ5c7abUKF8xXERIw6m9Te8fW7ohw3/view?usp=sharing into file : artifacts/data_ingestion/data.zip]
[2025-11-11 17:16:41,673: INFO: main: >>>>>> stage Data Ingestion Stage completed <<<<<<

x==========x]
[2025-11-11 17:16:41,673: INFO: main: ****************]
[2025-11-11 17:16:41,673: INFO: main: >>>>>> Stage Prepare Base Model Stage started <<<<<<]
[2025-11-11 17:16:41,675: INFO: common: yaml file: config\config.yaml loaded successfully]
[2025-11-11 17:16:41,676: INFO: common: yaml file: params.yaml loaded successfully]
[2025-11-11 17:16:41,676: INFO: common: created directory at: artifacts]
[2025-11-11 17:16:41,677: INFO: common: created directory at: artifacts/prepare_base_model]
[2025-11-11 17:16:41,923: WARNING: saving_api: You are saving your model as an HDF5 file via `model.save()` or `keras.saving.save_model(model)`. This file format is considered legacy. We recommend using instead the native Keras format, e.g. `model.save('my_model.keras')` or `keras.saving.save_model(model, 'my_model.keras')`. ]
[2025-11-11 17:16:42,034: WARNING: saving_api: You are saving your model as an HDF5 file via `model.save()` or `keras.saving.save_model(model)`. This file format is considered legacy. We recommend using instead the native Keras format, e.g. `model.save('my_model.keras')` or `keras.saving.save_model(model, 'my_model.keras')`. ]
[2025-11-11 17:16:42,109: INFO: main: >>>>>> Stage Prepare Base Model Stage completed <<<<<<

x==========x]
[2025-11-11 17:16:42,110: INFO: main: ************]
[2025-11-11 17:16:42,110: INFO: main: >>>>>> Stage Training started <<<<<<]
[2025-11-11 17:16:42,112: INFO: common: yaml file: config\config.yaml loaded successfully]
[2025-11-11 17:16:42,113: INFO: common: yaml file: params.yaml loaded successfully]
[2025-11-11 17:16:42,113: INFO: common: created directory at: artifacts]
[2025-11-11 17:16:42,114: INFO: common: created directory at: artifacts\training]
[2025-11-11 17:16:42,244: WARNING: saving_utils: Compiled the loaded model, but the compiled metrics have yet to be built. `model.compile_metrics` will be empty until you train or evaluate the model.]
[2025-11-11 17:16:42,251: ERROR: main: [WinError 3] The system cannot find the path specified: 'artifacts\\data_ingestion\\Kidney-CT-Scan-Images\\Kidney-CT-Scan-Images']
Traceback (most recent call last):
  File "E:\Kidney project\Kidney-disease-classification-with-mlflow-dvc\main.py", line 41, in <module>
    obj.main()
  File "E:\Kidney project\Kidney-disease-classification-with-mlflow-dvc\src\KidneyClassification\pipeline\stage_03_model_training.py", line 17, in main
    training.train_valid_generator()
  File "E:\Kidney project\Kidney-disease-classification-with-mlflow-dvc\src\KidneyClassification\components\model_training.py", line 45, in train_valid_generator
    self.valid_generator = valid_datagenerator.flow_from_directory(
  File "E:\New folder\envs\kidney\lib\site-packages\keras\src\legacy\preprocessing\image.py", line 1138, in flow_from_directory
    return DirectoryIterator(
  File "E:\New folder\envs\kidney\lib\site-packages\keras\src\legacy\preprocessing\image.py", line 453, in __init__
    for subdir in sorted(os.listdir(directory)):
FileNotFoundError: [WinError 3] The system cannot find the path specified: 'artifacts\\data_ingestion\\Kidney-CT-Scan-Images\\Kidney-CT-Scan-Images'
[2025-11-11 17:20:36,409: INFO: main: >>>>>> stage Data Ingestion Stage started <<<<<<]
[2025-11-11 17:20:36,411: INFO: common: yaml file: config\config.yaml loaded successfully]
[2025-11-11 17:20:36,412: INFO: common: yaml file: params.yaml loaded successfully]
[2025-11-11 17:20:36,413: INFO: common: created directory at: artifacts]
[2025-11-11 17:20:36,413: INFO: common: created directory at: artifacts/data_ingestion]
[2025-11-11 17:20:36,414: INFO: data_ingestion: Downloading file from : https://drive.google.com/file/d/1vlhZ5c7abUKF8xXERIw6m9Te8fW7ohw3/view?usp=sharing into file : artifacts/data_ingestion/data.zip]
[2025-11-11 17:20:51,867: INFO: data_ingestion: downloaded data from https://drive.google.com/file/d/1vlhZ5c7abUKF8xXERIw6m9Te8fW7ohw3/view?usp=sharing into file : artifacts/data_ingestion/data.zip]
[2025-11-11 17:20:52,284: INFO: main: >>>>>> stage Data Ingestion Stage completed <<<<<<

x==========x]
[2025-11-11 17:20:52,284: INFO: main: ****************]
[2025-11-11 17:20:52,284: INFO: main: >>>>>> Stage Prepare Base Model Stage started <<<<<<]
[2025-11-11 17:20:52,286: INFO: common: yaml file: config\config.yaml loaded successfully]
[2025-11-11 17:20:52,288: INFO: common: yaml file: params.yaml loaded successfully]
[2025-11-11 17:20:52,288: INFO: common: created directory at: artifacts]
[2025-11-11 17:20:52,288: INFO: common: created directory at: artifacts/prepare_base_model]
[2025-11-11 17:20:52,546: WARNING: saving_api: You are saving your model as an HDF5 file via `model.save()` or `keras.saving.save_model(model)`. This file format is considered legacy. We recommend using instead the native Keras format, e.g. `model.save('my_model.keras')` or `keras.saving.save_model(model, 'my_model.keras')`. ]
[2025-11-11 17:20:52,648: WARNING: saving_api: You are saving your model as an HDF5 file via `model.save()` or `keras.saving.save_model(model)`. This file format is considered legacy. We recommend using instead the native Keras format, e.g. `model.save('my_model.keras')` or `keras.saving.save_model(model, 'my_model.keras')`. ]
[2025-11-11 17:20:52,717: INFO: main: >>>>>> Stage Prepare Base Model Stage completed <<<<<<

x==========x]
[2025-11-11 17:20:52,719: INFO: main: ************]
[2025-11-11 17:20:52,719: INFO: main: >>>>>> Stage Training started <<<<<<]
[2025-11-11 17:20:52,720: INFO: common: yaml file: config\config.yaml loaded successfully]
[2025-11-11 17:20:52,721: INFO: common: yaml file: params.yaml loaded successfully]
[2025-11-11 17:20:52,722: INFO: common: created directory at: artifacts]
[2025-11-11 17:20:52,722: INFO: common: created directory at: artifacts\training]
[2025-11-11 17:20:52,844: WARNING: saving_utils: Compiled the loaded model, but the compiled metrics have yet to be built. `model.compile_metrics` will be empty until you train or evaluate the model.]
[2025-11-11 17:20:52,850: ERROR: main: [WinError 3] The system cannot find the path specified: 'artifacts\\data_ingestion\\Kidney-CT-Scan-Images\\Kidney-CT-Scan-Images']
Traceback (most recent call last):
  File "E:\Kidney project\Kidney-disease-classification-with-mlflow-dvc\main.py", line 41, in <module>
    obj.main()
  File "E:\Kidney project\Kidney-disease-classification-with-mlflow-dvc\src\KidneyClassification\pipeline\stage_03_model_training.py", line 17, in main
    training.train_valid_generator()
  File "E:\Kidney project\Kidney-disease-classification-with-mlflow-dvc\src\KidneyClassification\components\model_training.py", line 45, in train_valid_generator
    self.valid_generator = valid_datagenerator.flow_from_directory(
  File "E:\New folder\envs\kidney\lib\site-packages\keras\src\legacy\preprocessing\image.py", line 1138, in flow_from_directory
    return DirectoryIterator(
  File "E:\New folder\envs\kidney\lib\site-packages\keras\src\legacy\preprocessing\image.py", line 453, in __init__
    for subdir in sorted(os.listdir(directory)):
FileNotFoundError: [WinError 3] The system cannot find the path specified: 'artifacts\\data_ingestion\\Kidney-CT-Scan-Images\\Kidney-CT-Scan-Images'
[2025-11-11 17:26:33,738: INFO: main: >>>>>> stage Data Ingestion Stage started <<<<<<]
[2025-11-11 17:26:33,739: INFO: common: yaml file: config\config.yaml loaded successfully]
[2025-11-11 17:26:33,741: INFO: common: yaml file: params.yaml loaded successfully]
[2025-11-11 17:26:33,754: ERROR: main: "'ConfigBox' object has no attribute 'artifacts_root'"]
Traceback (most recent call last):
  File "box\box.py", line 503, in box.box.Box.__getitem__
KeyError: 'artifacts_root'

The above exception was the direct cause of the following exception:

Traceback (most recent call last):
  File "box\box.py", line 536, in box.box.Box.__getattr__
  File "box\box.py", line 524, in box.box.Box.__getitem__
box.exceptions.BoxKeyError: "'artifacts_root'"

During handling of the above exception, another exception occurred:

Traceback (most recent call last):
  File "box\box.py", line 538, in box.box.Box.__getattr__
AttributeError: 'ConfigBox' object has no attribute 'artifacts_root'

The above exception was the direct cause of the following exception:

Traceback (most recent call last):
  File "box\config_box.py", line 28, in box.config_box.ConfigBox.__getattr__
  File "box\box.py", line 552, in box.box.Box.__getattr__
box.exceptions.BoxKeyError: "'ConfigBox' object has no attribute 'artifacts_root'"

During handling of the above exception, another exception occurred:

Traceback (most recent call last):
  File "box\box.py", line 503, in box.box.Box.__getitem__
KeyError: 'artifacts_root'

The above exception was the direct cause of the following exception:

Traceback (most recent call last):
  File "box\box.py", line 536, in box.box.Box.__getattr__
  File "box\box.py", line 524, in box.box.Box.__getitem__
box.exceptions.BoxKeyError: "'artifacts_root'"

During handling of the above exception, another exception occurred:

Traceback (most recent call last):
  File "box\box.py", line 538, in box.box.Box.__getattr__
AttributeError: 'ConfigBox' object has no attribute 'artifacts_root'

The above exception was the direct cause of the following exception:

Traceback (most recent call last):
  File "E:\Kidney project\Kidney-disease-classification-with-mlflow-dvc\main.py", line 14, in <module>
    obj.main()
  File "E:\Kidney project\Kidney-disease-classification-with-mlflow-dvc\src\KidneyClassification\pipeline\stage01_data_ingestion.py", line 12, in main
    config = ConfigurationManager()
  File "E:\Kidney project\Kidney-disease-classification-with-mlflow-dvc\src\KidneyClassification\config\configuration.py", line 19, in __init__
    create_directories([self.config.artifacts_root])
  File "box\config_box.py", line 30, in box.config_box.ConfigBox.__getattr__
  File "box\box.py", line 552, in box.box.Box.__getattr__
box.exceptions.BoxKeyError: "'ConfigBox' object has no attribute 'artifacts_root'"
[2025-11-11 17:37:58,496: INFO: main: >>>>>> stage Data Ingestion Stage started <<<<<<]
[2025-11-11 17:37:58,500: INFO: common: yaml file: config\config.yaml loaded successfully]
[2025-11-11 17:37:58,501: INFO: common: yaml file: params.yaml loaded successfully]
[2025-11-11 17:37:58,502: INFO: common: created directory at: artifacts]
[2025-11-11 17:37:58,502: INFO: common: created directory at: artifacts/data_ingestion]
[2025-11-11 17:37:58,503: INFO: data_ingestion: Downloading file from : https://drive.google.com/file/d/1ZGm5yeADS36R1G2pkvPImYWjM-McvLht/view?usp=sharing into file : artifacts/data_ingestion/data.zip]
[2025-11-11 17:39:03,767: INFO: data_ingestion: downloaded data from https://drive.google.com/file/d/1ZGm5yeADS36R1G2pkvPImYWjM-McvLht/view?usp=sharing into file : artifacts/data_ingestion/data.zip]
[2025-11-11 17:39:08,844: INFO: main: >>>>>> stage Data Ingestion Stage completed <<<<<<

x==========x]
[2025-11-11 17:39:08,844: INFO: main: ****************]
[2025-11-11 17:39:08,844: INFO: main: >>>>>> Stage Prepare Base Model Stage started <<<<<<]
[2025-11-11 17:39:08,846: INFO: common: yaml file: config\config.yaml loaded successfully]
[2025-11-11 17:39:08,848: INFO: common: yaml file: params.yaml loaded successfully]
[2025-11-11 17:39:08,848: INFO: common: created directory at: artifacts]
[2025-11-11 17:39:08,849: INFO: common: created directory at: artifacts/prepare_base_model]
[2025-11-11 17:39:09,109: WARNING: saving_api: You are saving your model as an HDF5 file via `model.save()` or `keras.saving.save_model(model)`. This file format is considered legacy. We recommend using instead the native Keras format, e.g. `model.save('my_model.keras')` or `keras.saving.save_model(model, 'my_model.keras')`. ]
[2025-11-11 17:39:09,224: WARNING: saving_api: You are saving your model as an HDF5 file via `model.save()` or `keras.saving.save_model(model)`. This file format is considered legacy. We recommend using instead the native Keras format, e.g. `model.save('my_model.keras')` or `keras.saving.save_model(model, 'my_model.keras')`. ]
[2025-11-11 17:39:09,303: INFO: main: >>>>>> Stage Prepare Base Model Stage completed <<<<<<

x==========x]
[2025-11-11 17:39:09,303: INFO: main: ************]
[2025-11-11 17:39:09,304: INFO: main: >>>>>> Stage Training started <<<<<<]
[2025-11-11 17:39:09,306: INFO: common: yaml file: config\config.yaml loaded successfully]
[2025-11-11 17:39:09,307: INFO: common: yaml file: params.yaml loaded successfully]
[2025-11-11 17:39:09,308: INFO: common: created directory at: artifacts]
[2025-11-11 17:39:09,309: INFO: common: created directory at: artifacts\training]
[2025-11-11 17:39:09,431: WARNING: saving_utils: Compiled the loaded model, but the compiled metrics have yet to be built. `model.compile_metrics` will be empty until you train or evaluate the model.]
[2025-11-11 18:46:31,639: WARNING: saving_api: You are saving your model as an HDF5 file via `model.save()` or `keras.saving.save_model(model)`. This file format is considered legacy. We recommend using instead the native Keras format, e.g. `model.save('my_model.keras')` or `keras.saving.save_model(model, 'my_model.keras')`. ]
[2025-11-11 18:46:31,695: INFO: main: >>>>>> Stage Training completed <<<<<<

x==========x]
[2025-11-11 18:46:31,696: INFO: main: ***************]
[2025-11-11 18:46:31,696: INFO: main: >>>>> stage Evaluation stage started <<<<<]
[2025-11-11 18:46:31,698: INFO: common: yaml file: config\config.yaml loaded successfully]
[2025-11-11 18:46:31,699: INFO: common: yaml file: params.yaml loaded successfully]
[2025-11-11 18:46:31,700: INFO: common: created directory at: artifacts]
[2025-11-11 18:46:31,810: WARNING: saving_utils: Compiled the loaded model, but the compiled metrics have yet to be built. `model.compile_metrics` will be empty until you train or evaluate the model.]
[2025-11-11 18:48:04,025: INFO: common: json file saved at: scores.json]
[2025-11-11 18:48:04,026: INFO: common: json file saved at: scores.json]
[2025-11-11 18:48:15,577: INFO: main: >>>>> stage Evaluation stage completed <<<<<

x=========x]
[2025-11-11 18:48:41,024: INFO: main: >>>>>> stage Data Ingestion Stage started <<<<<<]
[2025-11-11 18:48:41,026: INFO: common: yaml file: config\config.yaml loaded successfully]
[2025-11-11 18:48:41,028: INFO: common: yaml file: params.yaml loaded successfully]
[2025-11-11 18:48:41,028: INFO: common: created directory at: artifacts]
[2025-11-11 18:48:41,028: INFO: common: created directory at: artifacts/data_ingestion]
[2025-11-11 18:48:41,030: INFO: data_ingestion: Downloading file from : https://drive.google.com/file/d/1ZGm5yeADS36R1G2pkvPImYWjM-McvLht/view?usp=sharing into file : artifacts/data_ingestion/data.zip]
